Setting logging level to INFO
2026-01-23 11:33:29.492-0500 | main | INFO  | Besu | Starting Besu
2026-01-23 11:33:29.940-0500 | main | INFO  | Besu | RPC HTTP JSON-RPC config: JsonRpcConfiguration{enabled=true, port=8055, host=0.0.0.0, corsAllowedDomains=[*], hostsAllowlist=[*], rpcApis=[ETH, NET, WEB3, TXPOOL, TRACE], authenticationEnabled=false, authenticationCredentialsFile=null, authenticationPublicKeyFile=null, tlsConfiguration=Optional.empty, httpTimeoutSec=30, maxActiveConnections=80, maxBatchSize=1024}
2026-01-23 11:33:29.943-0500 | main | WARN  | Besu | Forcing --bonsai-limit-trie-logs-enabled=false, since it cannot be enabled with --sync-mode=FULL and --data-storage-format=BONSAI.
2026-01-23 11:33:29.946-0500 | main | INFO  | Besu | Connecting to 0 static nodes.
2026-01-23 11:33:29.968-0500 | main | WARN  | Besu | Forcing price bump for transaction replacement to 0, since min-gas-price is set to 0
2026-01-23 11:33:29.970-0500 | main | WARN  | Besu | Forcing tx-pool-min-gas-price=0, since it cannot be greater than the value of min-gas-price
2026-01-23 11:33:29.998-0500 | main | INFO  | Besu | jemalloc library not found, memory usage may be reduced by installing it
2026-01-23 11:33:30.097-0500 | main | INFO  | Besu | 
####################################################################################################
#                                                                                                  #
# Besu version 25.11.0                                                                             #
#                                                                                                  #
# Configuration:                                                                                   #
# Network: Custom genesis file                                                                     #
# /home/unified/besu-network-project/Nodes/Node-FCI-RPC1/../../genesis.json                        #
# Network Id: 12345                                                                                #
# Profile: ENTERPRISE                                                                              #
# Data storage: Bonsai                                                                             #
# Sync mode: Full                                                                                  #
# Sync min peers: 5                                                                                #
# RPC HTTP APIs: ETH,NET,WEB3,TXPOOL,TRACE                                                         #
# RPC HTTP port: 8055                                                                              #
# Using LAYERED transaction pool implementation                                                    #
# Using STACKED worldstate update mode                                                             #
# Opcode optimizations enabled                                                                     #
# Parallel transaction processing enabled                                                          #
# Target Gas Limit: 60M                                                                            #
#                                                                                                  #
# Host:                                                                                            #
# Java: openjdk-java-21                                                                            #
# Maximum heap size: 3.88 GB                                                                       #
# OS: linux-x86_64                                                                                 #
# glibc: 2.39                                                                                      #
# Total memory: 15.49 GB                                                                           #
# CPU cores: 24                                                                                    #
#                                                                                                  #
# Plugin Registration Summary:                                                                     #
# No plugins have been registered.                                                                 #
# TOTAL = 0 of 0 plugins successfully registered.                                                  #
#                                                                                                  #
####################################################################################################
2026-01-23 11:33:30.098-0500 | main | INFO  | Besu | Security Module: localfile
2026-01-23 11:33:30.099-0500 | main | INFO  | VersionMetadata | Lookup version metadata file in data directory: /home/unified/besu-network-project/Nodes/Node-FCI-RPC1/data
2026-01-23 11:33:30.099-0500 | main | INFO  | VersionMetadata | No version data detected. Writing Besu version 25.11.0 to metadata file
2026-01-23 11:33:30.201-0500 | main | INFO  | Besu | Using the native implementation of alt bn128
2026-01-23 11:33:30.202-0500 | main | INFO  | Besu | Using the Java implementation of modexp
2026-01-23 11:33:30.202-0500 | main | INFO  | Besu | Using the native implementation of the signature algorithm
2026-01-23 11:33:30.205-0500 | main | INFO  | Besu | Using the native implementation of the blake2bf algorithm
2026-01-23 11:33:30.316-0500 | main | INFO  | Besu | Using the native BoringSSL implementation of p256verify
2026-01-23 11:33:30.439-0500 | main | WARN  | Besu | Forcing price bump for transaction replacement to 0, since min-gas-price is set to 0
2026-01-23 11:33:30.441-0500 | main | WARN  | Besu | Forcing tx-pool-min-gas-price=0, since it cannot be greater than the value of min-gas-price
2026-01-23 11:33:30.488-0500 | main | INFO  | KeyPairUtil | Generated new secp256k1 public key 0xd9d955cc446d38a2c859e8a44ef36754d8424ceab5eab18c229b6432719c1d2423413728a85f3c7f4405c6cd7298567d4771abfcfad89659e3c94dc5cfb43ba5 and stored it to /home/unified/besu-network-project/Nodes/Node-FCI-RPC1/data/key
2026-01-23 11:33:30.646-0500 | main | INFO  | ProtocolScheduleBuilder | Protocol schedule created with milestones: [Berlin:0]
2026-01-23 11:33:30.650-0500 | main | INFO  | RocksDBKeyValueStorageFactory | No existing database at /home/unified/besu-network-project/Nodes/Node-FCI-RPC1/data. Using default metadata for new db versionedStorageFormat=BaseVersionedStorageFormat{format=BONSAI, version=3}
2026-01-23 11:33:30.885-0500 | main | INFO  | FlatDbStrategyProvider | Flat db mode found FULL
2026-01-23 11:33:30.888-0500 | main | INFO  | FlatDbStrategyProvider | DB mode with code stored using code hash enabled = true
2026-01-23 11:33:30.901-0500 | main | INFO  | FlatDbStrategyProvider | Flat db mode found FULL
2026-01-23 11:33:30.902-0500 | main | INFO  | FlatDbStrategyProvider | DB mode with code stored using code hash enabled = true
2026-01-23 11:33:30.998-0500 | main | INFO  | TransactionPoolFactory | Enabling transaction pool
2026-01-23 11:33:31.013-0500 | main | INFO  | BesuControllerBuilder | QBFT is configured, creating initial sync for BFT
2026-01-23 11:33:31.014-0500 | main | INFO  | BFTPivotSelectorFromPeers | Creating pivot block selector for BFT node
2026-01-23 11:33:31.051-0500 | main | INFO  | RunnerBuilder | Resolved 1 bootnodes.
2026-01-23 11:33:31.059-0500 | main | INFO  | RunnerBuilder | Detecting NAT service.
2026-01-23 11:33:31.323-0500 | main | INFO  | Runner | Starting external services ... 
2026-01-23 11:33:31.323-0500 | main | INFO  | MetricsHttpService | Starting metrics http service on 0.0.0.0:9548
2026-01-23 11:33:31.358-0500 | main | INFO  | JsonRpcHttpService | Starting JSON-RPC service on 0.0.0.0:8055
2026-01-23 11:33:31.470-0500 | vert.x-eventloop-thread-1 | INFO  | JsonRpcHttpService | JSON-RPC service started and listening on 0.0.0.0:8055
2026-01-23 11:33:31.472-0500 | main | INFO  | WebSocketService | Starting Websocket service on 0.0.0.0:8056
2026-01-23 11:33:31.474-0500 | vert.x-eventloop-thread-1 | INFO  | WebSocketService | Websocket service started and listening on 0.0.0.0:8056
2026-01-23 11:33:31.475-0500 | main | INFO  | AutoTransactionLogBloomCachingService | Starting auto transaction log bloom caching service.
2026-01-23 11:33:31.477-0500 | main | INFO  | LogBloomCacheMetadata | Lookup cache metadata file in data directory: /home/unified/besu-network-project/Nodes/Node-FCI-RPC1/data/caches
2026-01-23 11:33:31.487-0500 | main | INFO  | Runner | Starting Ethereum main loop ... 
2026-01-23 11:33:31.487-0500 | main | INFO  | NatService | No NAT environment detected so no service could be started
2026-01-23 11:33:31.487-0500 | main | INFO  | NetworkRunner | Starting Network.
2026-01-23 11:33:31.498-0500 | nioEventLoopGroup-2-1 | INFO  | RlpxAgent | P2P RLPx agent started and listening on /[0:0:0:0:0:0:0:0]:30306.
2026-01-23 11:33:31.498-0500 | main | INFO  | PeerDiscoveryAgent | Starting peer discovery agent on host=0.0.0.0, port=30306. IPv6 available.
2026-01-23 11:33:31.510-0500 | vert.x-eventloop-thread-1 | INFO  | VertxPeerDiscoveryAgent | Started peer discovery agent successfully, on effective host=0:0:0:0:0:0:0:0 and port=30306
2026-01-23 11:33:31.513-0500 | vert.x-eventloop-thread-1 | INFO  | PeerDiscoveryAgent | P2P peer discovery agent started and listening on /[0:0:0:0:0:0:0:0]:30306
2026-01-23 11:33:31.551-0500 | vert.x-eventloop-thread-1 | INFO  | PeerDiscoveryAgent | Writing node record to disk. NodeRecord{seq=1, publicKey=0x03d9d955cc446d38a2c859e8a44ef36754d8424ceab5eab18c229b6432719c1d24, udpAddress=Optional[/0.0.0.0:30306], tcpAddress=Optional[/0.0.0.0:30306], udp6Address=Optional.empty, tcp6Address=Optional.empty, asBase64=-Je4QK9yf8zmBm4HoclpR_uacyJuGXC5nnOjLq-gNb1pWBrHDV-DxEQ9NCVLPaOI_VBnqGyr_DaTYnv5dbuudxVLgIwBg2V0aMfGhHgXe9aAgmlkgnY0gmlwhAAAAACJc2VjcDI1NmsxoQPZ2VXMRG04oshZ6KRO82dU2EJM6rXqsYwim2QycZwdJIN0Y3CCdmKDdWRwgnZi, nodeId=0x69a2cf8a5822838b7ee3655018d90491c174048559f7f449a80f65c16a828ed0, customFields={tcp=30306, udp=30306, eth=[[0x78177bd6, 0x]], id=V4, ip=0x00000000, secp256k1=0x03d9d955cc446d38a2c859e8a44ef36754d8424ceab5eab18c229b6432719c1d24}}
2026-01-23 11:33:31.573-0500 | main | INFO  | DefaultP2PNetwork | Enode URL enode://d9d955cc446d38a2c859e8a44ef36754d8424ceab5eab18c229b6432719c1d2423413728a85f3c7f4405c6cd7298567d4771abfcfad89659e3c94dc5cfb43ba5@0.0.0.0:30306
2026-01-23 11:33:31.574-0500 | main | INFO  | DefaultP2PNetwork | Node address 0x18d90491c174048559f7f449a80f65c16a828ed0
2026-01-23 11:33:31.587-0500 | main | INFO  | NetworkRunner | Supported capabilities: [eth/68, eth/69], [istanbul/100], [snap/1]
2026-01-23 11:33:31.588-0500 | main | INFO  | DefaultSynchronizer | Starting synchronizer.
2026-01-23 11:33:31.594-0500 | main | INFO  | TransactionPoolFactory | Enabling transaction handling following initial sync
2026-01-23 11:33:31.595-0500 | main | INFO  | BftMiningCoordinator | Starting BFT mining coordinator following initial sync
2026-01-23 11:33:31.606-0500 | main | INFO  | FullSyncDownloader | Starting full sync.
2026-01-23 11:33:31.608-0500 | main | INFO  | FullSyncTargetManager | Unable to find sync target. Waiting for 5 peers minimum. Currently checking 0 peers for usefulness
2026-01-23 11:33:31.614-0500 | main | INFO  | Runner | Ethereum main loop is up.
2026-01-23 11:33:33.061-0500 | nioEventLoopGroup-3-1 | INFO  | BlockPropagationManager | Saved announced block for future import 3 (0x803fe3f957254fbb6db44d4e24789750f47356c8f205e892040ef0f0c38b8e82) - 1 saved block(s)
2026-01-23 11:33:33.062-0500 | nioEventLoopGroup-3-1 | INFO  | BlockPropagationManager | Retrieving parent 0x0df48fe21e29f2c6f0746ea60d388e8be985ad61f04fa813dad645043f1e6014 of block 3 (0x803fe3f957254fbb6db44d4e24789750f47356c8f205e892040ef0f0c38b8e82)
2026-01-23 11:33:33.084-0500 | EthScheduler-Services-0 | INFO  | BlockPropagationManager | Saved announced block for future import 2 (0x0df48fe21e29f2c6f0746ea60d388e8be985ad61f04fa813dad645043f1e6014) - 2 saved block(s)
2026-01-23 11:33:33.085-0500 | EthScheduler-Services-0 | INFO  | BlockPropagationManager | Retrieving parent 0x080cfec60b390288d30c40ffd4508c280f2d1b92a98bb4db1814f5e0710d7ebe of block 2 (0x0df48fe21e29f2c6f0746ea60d388e8be985ad61f04fa813dad645043f1e6014)
2026-01-23 11:33:33.142-0500 | EthScheduler-Workers-0 | INFO  | PersistBlockTask | Imported empty block #1 / 0 tx / 0 om / 0 (0.0%) gas / (0x080cfec60b390288d30c40ffd4508c280f2d1b92a98bb4db1814f5e0710d7ebe) in 0.033s. Peers: 1
2026-01-23 11:33:33.157-0500 | EthScheduler-Workers-0 | INFO  | PersistBlockTask | Imported empty block #2 / 0 tx / 0 om / 0 (0.0%) gas / (0x0df48fe21e29f2c6f0746ea60d388e8be985ad61f04fa813dad645043f1e6014) in 0.009s. Peers: 1
2026-01-23 11:33:33.158-0500 | EthScheduler-Workers-0 | INFO  | BlockPropagationManager | Imported 1 pending blocks: [2]
2026-01-23 11:33:33.165-0500 | EthScheduler-Workers-0 | INFO  | PersistBlockTask | Imported empty block #3 / 0 tx / 0 om / 0 (0.0%) gas / (0x803fe3f957254fbb6db44d4e24789750f47356c8f205e892040ef0f0c38b8e82) in 0.006s. Peers: 1
2026-01-23 11:33:33.165-0500 | EthScheduler-Workers-0 | INFO  | BlockPropagationManager | Imported 1 pending blocks: [3]
2026-01-23 11:33:38.086-0500 | EthScheduler-Workers-0 | INFO  | PersistBlockTask | Imported empty block #4 / 0 tx / 0 om / 0 (0.0%) gas / (0xeee5bfd0d8c6976beffcec3d806263808aecac186cac4b5b6c9c67d54b12ad88) in 0.005s. Peers: 2
2026-01-23 11:33:43.051-0500 | EthScheduler-Workers-0 | INFO  | PersistBlockTask | Imported empty block #5 / 0 tx / 0 om / 0 (0.0%) gas / (0x03e9a47a345cfa07cdf7050974677daef684c2c4fc0ae2a58ffc137979d4ff47) in 0.006s. Peers: 2
2026-01-23 11:33:56.617-0500 | EthScheduler-Workers-0 | INFO  | PersistBlockTask | Imported empty block #6 / 0 tx / 0 om / 0 (0.0%) gas / (0x7802785f04c2f0cae5e71fad9497f9dafecf18b42c86a1aa7767b4cb2a882975) in 0.009s. Peers: 4
2026-01-23 11:34:01.039-0500 | EthScheduler-Workers-0 | INFO  | PersistBlockTask | Imported empty block #7 / 0 tx / 0 om / 0 (0.0%) gas / (0x4f5afa5a9f0f43f84349e1eb9f697ec96ac5166df26c3126b968d30366edc9cb) in 0.007s. Peers: 4
2026-01-23 11:34:06.041-0500 | EthScheduler-Workers-0 | INFO  | PersistBlockTask | Imported empty block #8 / 0 tx / 0 om / 0 (0.0%) gas / (0x43a7ac67a7556a92fb37fc66ddc76b04048f458067b2eebe7ad8516c06779f1f) in 0.008s. Peers: 6
2026-01-23 11:34:11.036-0500 | EthScheduler-Workers-0 | INFO  | PersistBlockTask | Imported empty block #9 / 0 tx / 0 om / 0 (0.0%) gas / (0x20b4c3a92a9ba8c842026f87a5cff474af9ce08310c4b186d9c1db94f14d469a) in 0.007s. Peers: 6
2026-01-23 11:34:24.626-0500 | EthScheduler-Workers-0 | INFO  | PersistBlockTask | Imported empty block #10 / 0 tx / 0 om / 0 (0.0%) gas / (0xfeb62daa3f09e62960c7d11dd3d77488ada974f222b15abdfc195860f698f658) in 0.009s. Peers: 7
2026-01-23 11:34:29.030-0500 | EthScheduler-Workers-0 | INFO  | PersistBlockTask | Imported empty block #11 / 0 tx / 0 om / 0 (0.0%) gas / (0x8ae0bbe22761e62878f692733d3bcbbfc80f928e3b9938211f777e4867fb9149) in 0.006s. Peers: 7
2026-01-23 11:34:34.031-0500 | EthScheduler-Workers-0 | INFO  | PersistBlockTask | Imported empty block #12 / 0 tx / 0 om / 0 (0.0%) gas / (0x9e95004d4497d373b107065f30f89591a4602826fb8926a894aa43e894d82328) in 0.006s. Peers: 7
2026-01-23 11:34:39.042-0500 | EthScheduler-Workers-0 | INFO  | PersistBlockTask | Imported empty block #13 / 0 tx / 0 om / 0 (0.0%) gas / (0xea15d3bfeedb6151a3ebd33a445ea6d4ed817a889c93ba723db7d77a77b2b297) in 0.014s. Peers: 7
2026-01-23 11:34:44.047-0500 | EthScheduler-Workers-0 | INFO  | PersistBlockTask | Imported empty block #14 / 0 tx / 0 om / 0 (0.0%) gas / (0xc5838e1b9a64c4915fe97a6a852a21632a1e02089cf7909088cd18054f5ac022) in 0.008s. Peers: 7
2026-01-23 11:34:57.593-0500 | EthScheduler-Workers-0 | INFO  | PersistBlockTask | Imported empty block #15 / 0 tx / 0 om / 0 (0.0%) gas / (0x3b7754b26054fb881f2a43253253477f9b7c9fb91d2bc1daa3d3a07b8d4f88e0) in 0.006s. Peers: 7
2026-01-23 11:35:02.034-0500 | EthScheduler-Workers-0 | INFO  | PersistBlockTask | Imported empty block #16 / 0 tx / 0 om / 0 (0.0%) gas / (0x1a05bd2a1370711a9e7ddd3acb446569a77307ac32c2aa9e183e8812b7fcbe9c) in 0.007s. Peers: 7
2026-01-23 11:35:07.027-0500 | EthScheduler-Workers-0 | INFO  | PersistBlockTask | Imported empty block #17 / 0 tx / 0 om / 0 (0.0%) gas / (0xaea0fb27627f85044cfed95ade6f6b372c882f2bd08d01b49a91b29132369804) in 0.005s. Peers: 7
2026-01-23 11:35:12.033-0500 | EthScheduler-Workers-0 | INFO  | PersistBlockTask | Imported empty block #18 / 0 tx / 0 om / 0 (0.0%) gas / (0x69be2edadf2916f57462bd5f6c939b3814d5cdf70823acb1b26e0764f02264b6) in 0.009s. Peers: 7
2026-01-23 11:35:25.601-0500 | EthScheduler-Workers-0 | INFO  | PersistBlockTask | Imported empty block #19 / 0 tx / 0 om / 0 (0.0%) gas / (0xc1efd851e2a49ee05ce1540d71fbe7d98a990a754519808915e80d3a238db743) in 0.006s. Peers: 7
2026-01-23 11:35:30.028-0500 | EthScheduler-Workers-0 | INFO  | PersistBlockTask | Imported empty block #20 / 0 tx / 0 om / 0 (0.0%) gas / (0xf8ecad62ca086731f5d4f8671ebc40c4afb1d7b325f505bc2a3b4ea4d23c6c77) in 0.005s. Peers: 7
2026-01-23 11:35:35.028-0500 | EthScheduler-Workers-0 | INFO  | PersistBlockTask | Imported empty block #21 / 0 tx / 0 om / 0 (0.0%) gas / (0x7f9748946754673eda5a54f43c9d40ce147806624dbe80928473ec191914b565) in 0.006s. Peers: 7
2026-01-23 11:35:40.024-0500 | EthScheduler-Workers-0 | INFO  | PersistBlockTask | Imported empty block #22 / 0 tx / 0 om / 0 (0.0%) gas / (0xeef9bcc1ae12774e4680233a669d408e73c3b3e4d8f9712c86a8358be9b2f008) in 0.006s. Peers: 7
2026-01-23 11:35:45.024-0500 | EthScheduler-Workers-0 | INFO  | PersistBlockTask | Imported empty block #23 / 0 tx / 0 om / 0 (0.0%) gas / (0x85a9be203d60c7911b26774a75f31952d477e07fd78a5bc022eb1cd02cb457d7) in 0.005s. Peers: 7
2026-01-23 11:35:58.596-0500 | EthScheduler-Workers-0 | INFO  | PersistBlockTask | Imported empty block #24 / 0 tx / 0 om / 0 (0.0%) gas / (0xde895adcd0fd9f34f881afbdf91bed6263f0287a3f7bc6d74d8926b7a9c96707) in 0.007s. Peers: 7
2026-01-23 11:36:03.024-0500 | EthScheduler-Workers-0 | INFO  | PersistBlockTask | Imported empty block #25 / 0 tx / 0 om / 0 (0.0%) gas / (0x7ce11c15573f02492a32612eabe7fc07716a2f72b20d64604e3d3101eb6791a3) in 0.006s. Peers: 7
2026-01-23 11:36:08.039-0500 | EthScheduler-Workers-0 | INFO  | PersistBlockTask | Imported empty block #26 / 0 tx / 0 om / 0 (0.0%) gas / (0x1f31621d70fd7b5d8d0c20951138a7a2953b16d0740d96d4087b4dbb6974df5f) in 0.007s. Peers: 7
2026-01-23 11:36:13.032-0500 | EthScheduler-Workers-0 | INFO  | PersistBlockTask | Imported empty block #27 / 0 tx / 0 om / 0 (0.0%) gas / (0xb4a2008b987022351d6ce951d232a026787b0cd7666b677919bf971a96c23bc6) in 0.006s. Peers: 7
2026-01-23 11:36:26.574-0500 | EthScheduler-Workers-0 | INFO  | PersistBlockTask | Imported empty block #28 / 0 tx / 0 om / 0 (0.0%) gas / (0xd1d642dd0571d3ffc4e07013fd485bce231823549cd135b6a8f9071b5c530f83) in 0.006s. Peers: 7
2026-01-23 11:36:31.027-0500 | EthScheduler-Workers-0 | INFO  | PersistBlockTask | Imported empty block #29 / 0 tx / 0 om / 0 (0.0%) gas / (0xfefff40e0323ebee0e88738557a79152e898a2b56e1752ca5e656775bff25763) in 0.006s. Peers: 7
2026-01-23 11:36:36.021-0500 | EthScheduler-Workers-0 | INFO  | PersistBlockTask | Imported empty block #30 / 0 tx / 0 om / 0 (0.0%) gas / (0x127e46ba5bb974965e0ba47662adb2994847405e7ed45b1ad4690595be3cf8e1) in 0.005s. Peers: 7
2026-01-23 11:36:41.023-0500 | EthScheduler-Workers-0 | INFO  | PersistBlockTask | Imported empty block #31 / 0 tx / 0 om / 0 (0.0%) gas / (0x6dc187fa4fae7a274b0a080da8ccdae8de4576fe361a4d58a3aa97d8028f38a5) in 0.006s. Peers: 7
2026-01-23 11:36:46.027-0500 | EthScheduler-Workers-0 | INFO  | PersistBlockTask | Imported empty block #32 / 0 tx / 0 om / 0 (0.0%) gas / (0xb8e85072dce6b6ea4355afc3e76d52d1ac72ef22c99f4c67951a3474e9d61f7e) in 0.004s. Peers: 7
2026-01-23 11:36:59.593-0500 | EthScheduler-Workers-0 | INFO  | PersistBlockTask | Imported empty block #33 / 0 tx / 0 om / 0 (0.0%) gas / (0xde0beaf59e4556af5d079d478d36a410bbb382a9e035a5a2ae97feb5896789db) in 0.005s. Peers: 7
2026-01-23 11:37:04.040-0500 | EthScheduler-Workers-0 | INFO  | PersistBlockTask | Imported empty block #34 / 0 tx / 0 om / 0 (0.0%) gas / (0xe260ebe6229bad221b63eddd09ddadb8368de790947c4be8f0b2b59bd213f73d) in 0.006s. Peers: 7
2026-01-23 11:37:09.026-0500 | EthScheduler-Workers-0 | INFO  | PersistBlockTask | Imported empty block #35 / 0 tx / 0 om / 0 (0.0%) gas / (0x74746e862d7c7e45e7021abf55f0847ad1f14cff6b74c7bfec9ce4b45e560b2e) in 0.006s. Peers: 7
2026-01-23 11:37:14.023-0500 | EthScheduler-Workers-0 | INFO  | PersistBlockTask | Imported empty block #36 / 0 tx / 0 om / 0 (0.0%) gas / (0xfcb9240f9aa0de893a30551d2a9e71795b1354a7b9cc882dc1f5444467f9f6f2) in 0.005s. Peers: 7
2026-01-23 11:37:27.588-0500 | EthScheduler-Workers-0 | INFO  | PersistBlockTask | Imported empty block #37 / 0 tx / 0 om / 0 (0.0%) gas / (0x3fe4dd6676091d6068defa287b2646d18e987818383b4b04ea4ca591ce4cf2d8) in 0.009s. Peers: 7
2026-01-23 11:37:32.022-0500 | EthScheduler-Workers-0 | INFO  | PersistBlockTask | Imported empty block #38 / 0 tx / 0 om / 0 (0.0%) gas / (0x8e01ea025d5289b320608881ec4c3acb6d417806a3f831b51184379b1ac39e41) in 0.005s. Peers: 7
2026-01-23 11:37:37.021-0500 | EthScheduler-Workers-0 | INFO  | PersistBlockTask | Imported empty block #39 / 0 tx / 0 om / 0 (0.0%) gas / (0xd73c19c6b66bfe785e9ab505040a3fb4a930856217c0d197a8a64211b264c20c) in 0.005s. Peers: 7
2026-01-23 11:37:42.023-0500 | EthScheduler-Workers-0 | INFO  | PersistBlockTask | Imported empty block #40 / 0 tx / 0 om / 0 (0.0%) gas / (0x93c3810583024fbdc9da88067b144bea380818aec557f3b9ddb878d20ac82b99) in 0.004s. Peers: 7
2026-01-23 11:37:47.025-0500 | EthScheduler-Workers-0 | INFO  | PersistBlockTask | Imported empty block #41 / 0 tx / 0 om / 0 (0.0%) gas / (0x8b84b60d2f2c4470b6df88e5de6b9738063ac8a9062dbfc35565429cbdaeb26a) in 0.006s. Peers: 7
2026-01-23 11:38:00.592-0500 | EthScheduler-Workers-0 | INFO  | PersistBlockTask | Imported empty block #42 / 0 tx / 0 om / 0 (0.0%) gas / (0x2e2b73161135eb77d981265a91df61c405ff78ac5f450ccb4344a7ef6cf097cf) in 0.008s. Peers: 7
2026-01-23 11:38:05.029-0500 | EthScheduler-Workers-0 | INFO  | PersistBlockTask | Imported empty block #43 / 0 tx / 0 om / 0 (0.0%) gas / (0x2abeead9df9f8bac24600f4980d4229d5048aa7fd2462fc3f789369ef355a63a) in 0.009s. Peers: 7
2026-01-23 11:38:10.020-0500 | EthScheduler-Workers-0 | INFO  | PersistBlockTask | Imported empty block #44 / 0 tx / 0 om / 0 (0.0%) gas / (0x60fa8c89d6cd10a5658ce1682e6968fd5ef79040ca4f317eb1b97c83e81e97e9) in 0.004s. Peers: 7
2026-01-23 11:38:15.022-0500 | EthScheduler-Workers-0 | INFO  | PersistBlockTask | Imported empty block #45 / 0 tx / 0 om / 0 (0.0%) gas / (0x5eba7cff36fefa0c928731aac6aca46608b2d79370fbd615d1b73861b3e2bce4) in 0.006s. Peers: 7
2026-01-23 11:38:20.021-0500 | EthScheduler-Workers-0 | INFO  | PersistBlockTask | Imported empty block #46 / 0 tx / 0 om / 0 (0.0%) gas / (0x42f2d4039ac1a545f71990b9a84ad227565af2cc24398c440057cfbc6b9bf48c) in 0.004s. Peers: 7
2026-01-23 11:38:33.584-0500 | EthScheduler-Workers-0 | INFO  | PersistBlockTask | Imported empty block #47 / 0 tx / 0 om / 0 (0.0%) gas / (0x4523a86d447b48dce4f24c1de0114ab5ffaa3f7bfd0be846f2484c36a3c56330) in 0.004s. Peers: 7
2026-01-23 11:38:38.023-0500 | EthScheduler-Workers-0 | INFO  | PersistBlockTask | Imported empty block #48 / 0 tx / 0 om / 0 (0.0%) gas / (0xd96e6a6c5ff923f699934b429a940a93387ad3421c8a0f73dbbd95aa473d6a66) in 0.006s. Peers: 7
2026-01-23 11:38:43.154-0500 | EthScheduler-Workers-0 | INFO  | PersistBlockTask | Imported block #49 / 1 tx / 0 om / 1,605,734 (5.4%) gas / (0x367aeceb996c7d832c52be8ea42b1f43e5797889ad09b33faf9dadc2a844c918) in 0.089s. Peers: 7
2026-01-23 11:38:48.044-0500 | EthScheduler-Workers-0 | INFO  | PersistBlockTask | Imported empty block #50 / 0 tx / 0 om / 0 (0.0%) gas / (0xf893fadf9ab30cd90d8d085cd950749f1935b35474bc19e2cc50406495dc3d89) in 0.011s. Peers: 7
2026-01-23 11:39:01.578-0500 | EthScheduler-Workers-0 | INFO  | PersistBlockTask | Imported empty block #51 / 0 tx / 0 om / 0 (0.0%) gas / (0xaaf48fe862fc44c94ce06177bb1b3412606413fa5ca12ae8bcc6cb7bd95e8b5f) in 0.007s. Peers: 7
2026-01-23 11:39:06.123-0500 | EthScheduler-Workers-0 | INFO  | PersistBlockTask | Imported block #52 / 1 tx / 0 om / 4,364,690 (14.5%) gas / (0x8abb2c9b3dc9a44d82f3c858159ab2125bde5f49bd0062bb8fcea04d85c4f3c8) in 0.032s. Peers: 7
2026-01-23 11:39:11.037-0500 | EthScheduler-Workers-0 | INFO  | PersistBlockTask | Imported empty block #53 / 0 tx / 0 om / 0 (0.0%) gas / (0x5e2f4158138f9167bfea55294717fb0bcbe10c7ddf2bfa92951c189e18472838) in 0.009s. Peers: 7
2026-01-23 11:39:16.040-0500 | EthScheduler-Workers-0 | INFO  | PersistBlockTask | Imported empty block #54 / 0 tx / 0 om / 0 (0.0%) gas / (0xae38ad6017b8a4c4ef2f4e04f9af786046475eb506126a7ed3f9126ceda9ea90) in 0.006s. Peers: 7
2026-01-23 11:39:21.039-0500 | EthScheduler-Workers-0 | INFO  | PersistBlockTask | Imported empty block #55 / 0 tx / 0 om / 0 (0.0%) gas / (0x37450434656a2e228a346c82717cf55c4d7c6cae8d1b64cbf5c7c333b60557b8) in 0.011s. Peers: 7
2026-01-23 11:39:34.585-0500 | EthScheduler-Workers-0 | INFO  | PersistBlockTask | Imported empty block #56 / 0 tx / 0 om / 0 (0.0%) gas / (0x49fd89ee4ad830e8ecea7fcb616fac89e743d6459c0056bc4eb4a0fe384c21f8) in 0.005s. Peers: 7
2026-01-23 11:39:39.029-0500 | EthScheduler-Workers-0 | INFO  | PersistBlockTask | Imported empty block #57 / 0 tx / 0 om / 0 (0.0%) gas / (0x320b05a73cf368737a21f8f95b54b26fb5a497ab6802c1dd54c425db59005bde) in 0.009s. Peers: 7
2026-01-23 11:39:44.025-0500 | EthScheduler-Workers-0 | INFO  | PersistBlockTask | Imported empty block #58 / 0 tx / 0 om / 0 (0.0%) gas / (0x9e6c320ca64820255a9f45ae3e4bb29233b359464744fecfcab5c4226bc3ca4f) in 0.007s. Peers: 7
2026-01-23 11:39:49.062-0500 | EthScheduler-Workers-0 | INFO  | PersistBlockTask | Imported block #59 / 1 tx / 0 om / 5,306,924 (17.7%) gas / (0x5737acc7f25f44a1d41a4d33ba48388f219bca0ccf83843a07d4657441cca3da) in 0.020s. Peers: 7
2026-01-23 11:40:02.577-0500 | EthScheduler-Workers-0 | INFO  | PersistBlockTask | Imported empty block #60 / 0 tx / 0 om / 0 (0.0%) gas / (0xc5cc960cfa6712404e037773c33e9c620c2b057ada2e713e5433ad1b076c3bb0) in 0.006s. Peers: 7
2026-01-23 11:40:07.024-0500 | EthScheduler-Workers-0 | INFO  | PersistBlockTask | Imported empty block #61 / 0 tx / 0 om / 0 (0.0%) gas / (0xa69d6a918c6f9262d77d6ce4bd2ca63558eecd1ed0760a27cd40f4ba0d712165) in 0.003s. Peers: 7
2026-01-23 11:40:12.049-0500 | EthScheduler-Workers-0 | INFO  | PersistBlockTask | Imported block #62 / 1 tx / 0 om / 2,007,630 (6.7%) gas / (0xb7842168347706cceb5f8fa67cd431142f4bda8b0ca1be5859521b3cfe262085) in 0.015s. Peers: 7
2026-01-23 11:40:17.034-0500 | EthScheduler-Workers-0 | INFO  | PersistBlockTask | Imported empty block #63 / 0 tx / 0 om / 0 (0.0%) gas / (0x5a8c313b3be8e90d7b5bae366a62709950ca36b8781dbaf86c02c5c106489fbf) in 0.010s. Peers: 7
2026-01-23 11:40:22.025-0500 | EthScheduler-Workers-0 | INFO  | PersistBlockTask | Imported empty block #64 / 0 tx / 0 om / 0 (0.0%) gas / (0x98bb46c9421346c7dfe519112ee070c40292bf39550450ad966897e2519b4632) in 0.007s. Peers: 7
2026-01-23 11:40:35.609-0500 | EthScheduler-Workers-0 | INFO  | PersistBlockTask | Imported block #65 / 1 tx / 0 om / 2,024,085 (6.7%) gas / (0x9a9f1359f19f8f0ca8d9b1e9133abc22ccf20102441e121fdeb514325fe4737f) in 0.010s. Peers: 7
2026-01-23 11:40:40.017-0500 | EthScheduler-Workers-0 | INFO  | PersistBlockTask | Imported empty block #66 / 0 tx / 0 om / 0 (0.0%) gas / (0xfab1237068f95eabdaf45e115959c564268c9dc42734b9f0945b8bb08337f12d) in 0.002s. Peers: 7
2026-01-23 11:40:45.020-0500 | EthScheduler-Workers-0 | INFO  | PersistBlockTask | Imported empty block #67 / 0 tx / 0 om / 0 (0.0%) gas / (0x0c5295615d51ad398f6194b4c8ce7b241d3d6bd19f0e0c2fd88a5bcb5667458c) in 0.004s. Peers: 7
2026-01-23 11:40:50.022-0500 | EthScheduler-Workers-0 | INFO  | PersistBlockTask | Imported empty block #68 / 0 tx / 0 om / 0 (0.0%) gas / (0x4ae8ed9915047863031c49c985b73fbd6765c96c1cd1e0fb4df49465f1018734) in 0.004s. Peers: 7
2026-01-23 11:41:03.578-0500 | EthScheduler-Workers-0 | INFO  | PersistBlockTask | Imported empty block #69 / 0 tx / 0 om / 0 (0.0%) gas / (0xfe1c1020dec43e32a2d073ab8724e155bc599a2b86f969767394f645377bb3a0) in 0.002s. Peers: 7
2026-01-23 11:41:08.020-0500 | EthScheduler-Workers-0 | INFO  | PersistBlockTask | Imported empty block #70 / 0 tx / 0 om / 0 (0.0%) gas / (0x454dc5f56711b0c9ef3f6d1f8c6e1197c5aad1163a20bcfd4bc304825c0bcc15) in 0.006s. Peers: 7
2026-01-23 11:41:13.022-0500 | EthScheduler-Workers-0 | INFO  | PersistBlockTask | Imported empty block #71 / 0 tx / 0 om / 0 (0.0%) gas / (0xcdf57d066c156e8101b5873dfe4e644497bfd44a8c0be415b70a06a87ba55022) in 0.004s. Peers: 7
2026-01-23 11:41:18.042-0500 | EthScheduler-Workers-0 | INFO  | PersistBlockTask | Imported block #72 / 1 tx / 0 om / 1,360,072 (4.5%) gas / (0x08266c08c4f0d0270faee9bd09b7e6e21c6a1cc2f26ce06ca7a4bdda76f41e64) in 0.011s. Peers: 7
2026-01-23 11:41:23.024-0500 | EthScheduler-Workers-0 | INFO  | PersistBlockTask | Imported empty block #73 / 0 tx / 0 om / 0 (0.0%) gas / (0x233fec280bbffe23b8a4a3ede305ee92bf4a71ba68eede654fc81fe41b1c7402) in 0.002s. Peers: 7
2026-01-23 11:41:36.576-0500 | EthScheduler-Workers-0 | INFO  | PersistBlockTask | Imported empty block #74 / 0 tx / 0 om / 0 (0.0%) gas / (0x678e8ea4d996ff2e1910d802e6a1de72c721dbac1fe72da123c2676db400cf9f) in 0.005s. Peers: 7
2026-01-23 11:41:41.047-0500 | EthScheduler-Workers-0 | INFO  | PersistBlockTask | Imported block #75 / 1 tx / 0 om / 46,327 (0.2%) gas / (0xe4c3643009439aee5802118216fa4f17ecd1770c9d2da4ad887ac00a5b671c30) in 0.015s. Peers: 7
2026-01-23 11:41:46.018-0500 | EthScheduler-Workers-0 | INFO  | PersistBlockTask | Imported empty block #76 / 0 tx / 0 om / 0 (0.0%) gas / (0xd9e71c4c8910e4e27e72f0418982464502cd0fd0a721f1a20f3a15227ffdc7ae) in 0.003s. Peers: 7
2026-01-23 11:41:51.027-0500 | EthScheduler-Workers-0 | INFO  | PersistBlockTask | Imported empty block #77 / 0 tx / 0 om / 0 (0.0%) gas / (0xf40292b300d67b5f98c36dce90d812e9c7981d7b462756efa2e415db7669af52) in 0.003s. Peers: 7
2026-01-23 11:41:56.020-0500 | EthScheduler-Workers-0 | INFO  | PersistBlockTask | Imported empty block #78 / 0 tx / 0 om / 0 (0.0%) gas / (0xe0f8c471656566145cac5e3974288ee6a4498fe7a553f68c19ee1dc6c14a3ddc) in 0.004s. Peers: 7
2026-01-23 11:42:09.534-0500 | EthScheduler-Workers-0 | INFO  | PersistBlockTask | Imported empty block #79 / 0 tx / 0 om / 0 (0.0%) gas / (0x37b02e69916458f18a0cd3baec73cf02c3325ab15efad022bd2dc43e0cec929f) in 0.003s. Peers: 7
2026-01-23 11:42:14.019-0500 | EthScheduler-Workers-0 | INFO  | PersistBlockTask | Imported empty block #80 / 0 tx / 0 om / 0 (0.0%) gas / (0x07e817a11b91f92cff85769f77a93efcc2b4bc3a60a3da3a72082da6732fe428) in 0.004s. Peers: 7
2026-01-23 11:42:19.017-0500 | EthScheduler-Workers-0 | INFO  | PersistBlockTask | Imported empty block #81 / 0 tx / 0 om / 0 (0.0%) gas / (0x1a953cd9ee1c6caf50c2d3f270cdc400f1f0609f1ff6141242ab6c5dd439c16e) in 0.005s. Peers: 7
2026-01-23 11:42:24.033-0500 | EthScheduler-Workers-0 | INFO  | PersistBlockTask | Imported block #82 / 1 tx / 0 om / 46,373 (0.2%) gas / (0x2e52ba4a72178562c6ca2bacde246ff47c455daa024002adc608d9ca07819680) in 0.011s. Peers: 7
2026-01-23 11:42:37.579-0500 | EthScheduler-Workers-0 | INFO  | PersistBlockTask | Imported empty block #83 / 0 tx / 0 om / 0 (0.0%) gas / (0x12b8be5d927a9793b633ceeeadf9c7ebf688654db46bc451b7503e5e87fb8e59) in 0.005s. Peers: 7
2026-01-23 11:42:42.017-0500 | EthScheduler-Workers-0 | INFO  | PersistBlockTask | Imported empty block #84 / 0 tx / 0 om / 0 (0.0%) gas / (0x339d1d427dd9ef503505c128e31012991a904760c2529a853b967d14ca741347) in 0.005s. Peers: 7
2026-01-23 11:42:47.079-0500 | EthScheduler-Workers-0 | INFO  | PersistBlockTask | Imported block #85 / 1 tx / 0 om / 529,277 (1.8%) gas / (0xf4be473fe2492b45ce8775d6c5be7ac68f9e4ed5de49407f9357f75bcff9e010) in 0.033s. Peers: 7
2026-01-23 11:42:52.021-0500 | EthScheduler-Workers-0 | INFO  | PersistBlockTask | Imported empty block #86 / 0 tx / 0 om / 0 (0.0%) gas / (0x8badbcc9d58b177cabd0e0ab9c75e1cb56e1b0f4cef2c1124b3d7b4e60c0bc05) in 0.006s. Peers: 7
2026-01-23 11:42:57.027-0500 | EthScheduler-Workers-0 | INFO  | PersistBlockTask | Imported empty block #87 / 0 tx / 0 om / 0 (0.0%) gas / (0x5db5bf3ad2eab58ecac85552ad7d97c94a061d31c399beb79bd49a0e09162ebe) in 0.003s. Peers: 7
2026-01-23 11:43:10.579-0500 | EthScheduler-Workers-0 | INFO  | PersistBlockTask | Imported empty block #88 / 0 tx / 0 om / 0 (0.0%) gas / (0x12b5888d65666a8c19d56f7eaa36a9782d14dc4e1cf74484a18e2d7961d01c1e) in 0.004s. Peers: 7
2026-01-23 11:43:15.022-0500 | EthScheduler-Workers-0 | INFO  | PersistBlockTask | Imported empty block #89 / 0 tx / 0 om / 0 (0.0%) gas / (0x57120fe780da04f7a880697167e03439b1331edfd0347165638926f560c078e4) in 0.002s. Peers: 7
2026-01-23 11:43:20.018-0500 | EthScheduler-Workers-0 | INFO  | PersistBlockTask | Imported empty block #90 / 0 tx / 0 om / 0 (0.0%) gas / (0x1544157e7b1327519214e16b9b7b21a93d922e0bd68d8ea4d4aa8cb03a589c43) in 0.003s. Peers: 7
2026-01-23 11:43:25.018-0500 | EthScheduler-Workers-0 | INFO  | PersistBlockTask | Imported empty block #91 / 0 tx / 0 om / 0 (0.0%) gas / (0x62391df66d0a286acec9aeb0f4b7edfe7a86c08afbd9ba5043930e1b4a7de26b) in 0.003s. Peers: 7
2026-01-23 11:43:38.576-0500 | EthScheduler-Workers-0 | INFO  | PersistBlockTask | Imported empty block #92 / 0 tx / 0 om / 0 (0.0%) gas / (0xe85e93bdd1d634f0482c9bad043ef5f6c168f60b11291356c89539dca00dc7c0) in 0.004s. Peers: 7
2026-01-23 11:43:43.015-0500 | EthScheduler-Workers-0 | INFO  | PersistBlockTask | Imported empty block #93 / 0 tx / 0 om / 0 (0.0%) gas / (0x45536ffe710198dd1d9a4be850eb8aa97450131fb90a8543930a8dcadb8a688d) in 0.004s. Peers: 7
2026-01-23 11:43:48.014-0500 | EthScheduler-Workers-0 | INFO  | PersistBlockTask | Imported empty block #94 / 0 tx / 0 om / 0 (0.0%) gas / (0xbe5ae21bef1cb5e4ccdaa112f12e5bc74865dadfa8df9b54507ad5503b87dff4) in 0.002s. Peers: 7
2026-01-23 11:43:53.013-0500 | EthScheduler-Workers-0 | INFO  | PersistBlockTask | Imported empty block #95 / 0 tx / 0 om / 0 (0.0%) gas / (0xa821ca9e4da7b1d9eb11614f9fdcee32415b1fb019754075e39cb639f7c67596) in 0.002s. Peers: 7
2026-01-23 11:43:58.018-0500 | EthScheduler-Workers-0 | INFO  | PersistBlockTask | Imported empty block #96 / 0 tx / 0 om / 0 (0.0%) gas / (0x9d45b3f38025f3dcb3755f20863b5fc6bb0ddf470b581ba6b6ff4ecf35b4e87a) in 0.004s. Peers: 7
2026-01-23 11:44:11.581-0500 | EthScheduler-Workers-0 | INFO  | PersistBlockTask | Imported empty block #97 / 0 tx / 0 om / 0 (0.0%) gas / (0xab35e7dffd0c22abe4eab04872a31a5d36b8cd63a67f762ed4df1aca4c24b8ce) in 0.005s. Peers: 7
2026-01-23 11:44:16.032-0500 | EthScheduler-Workers-0 | INFO  | PersistBlockTask | Imported block #98 / 1 tx / 0 om / 21,000 (0.1%) gas / (0xc9571d607664668bc01777940cc5db73e2b7e6d3524be63df23f1f6c01cd4f1b) in 0.009s. Peers: 7
2026-01-23 11:44:21.015-0500 | EthScheduler-Workers-0 | INFO  | PersistBlockTask | Imported empty block #99 / 0 tx / 0 om / 0 (0.0%) gas / (0x2b8f626a1a04ab2046bfdf35d63d1a2e0ff5a99d6525042d44440e0c5c03f604) in 0.003s. Peers: 7
2026-01-23 11:44:26.023-0500 | EthScheduler-Workers-0 | INFO  | PersistBlockTask | Imported empty block #100 / 0 tx / 0 om / 0 (0.0%) gas / (0x7ad3ba5d3d752b63f189e69a44d730e7090c3da1495cde2d3cfce80aa657e35d) in 0.003s. Peers: 7
2026-01-23 11:44:39.572-0500 | EthScheduler-Workers-0 | INFO  | PersistBlockTask | Imported block #101 / 1 tx / 0 om / 21,000 (0.1%) gas / (0x7fba4c5dcfaf7db3ac21d559b59978ca00a123543855500eaebf7fcb83f83467) in 0.006s. Peers: 7
2026-01-23 11:44:44.018-0500 | EthScheduler-Workers-0 | INFO  | PersistBlockTask | Imported empty block #102 / 0 tx / 0 om / 0 (0.0%) gas / (0x2ce2b537941d84a043fb5af850c4eac6bb649f46467ff691c64117a511954ff9) in 0.004s. Peers: 7
2026-01-23 11:44:49.019-0500 | EthScheduler-Workers-0 | INFO  | PersistBlockTask | Imported empty block #103 / 0 tx / 0 om / 0 (0.0%) gas / (0xbf6b4861c923d367d850642b570b5d1609c7122f38f1c0449e390d3e8d7cd308) in 0.004s. Peers: 7
2026-01-23 11:44:54.019-0500 | EthScheduler-Workers-0 | INFO  | PersistBlockTask | Imported empty block #104 / 0 tx / 0 om / 0 (0.0%) gas / (0xf17e74b69e7fb3f64e1a6e95fc8518499d610622672f2b5a13f558583d2a1c73) in 0.007s. Peers: 7
2026-01-23 11:44:59.021-0500 | EthScheduler-Workers-0 | INFO  | PersistBlockTask | Imported block #105 / 1 tx / 0 om / 21,000 (0.1%) gas / (0x6adce6faabf4b700fd7fff7d4c2eb08fefcda4254b09df5653a1fa65633d909d) in 0.005s. Peers: 7
2026-01-23 11:45:12.538-0500 | EthScheduler-Workers-0 | INFO  | PersistBlockTask | Imported empty block #106 / 0 tx / 0 om / 0 (0.0%) gas / (0x44d3999453406bc32c6e064e38d8fecffeaaf3a8898e2c2e8aacb5a7087f5fcf) in 0.004s. Peers: 7
2026-01-23 11:45:17.014-0500 | EthScheduler-Workers-0 | INFO  | PersistBlockTask | Imported empty block #107 / 0 tx / 0 om / 0 (0.0%) gas / (0x40c121e527ab03f3c68647085a71a0425ee04b0b236e0b5a3599c7d0273d0089) in 0.002s. Peers: 7
2026-01-23 11:45:22.021-0500 | EthScheduler-Workers-0 | INFO  | PersistBlockTask | Imported block #108 / 1 tx / 0 om / 21,000 (0.1%) gas / (0x666034a82af9361abb4ac6483f076f25b64ad1385e01536375901eaffb35bf83) in 0.004s. Peers: 7
2026-01-23 11:45:27.019-0500 | EthScheduler-Workers-0 | INFO  | PersistBlockTask | Imported empty block #109 / 0 tx / 0 om / 0 (0.0%) gas / (0x9973fe481c9655670747c9792db311db6d81ac5d5d08d9cae6adb247b56bdf87) in 0.003s. Peers: 7
2026-01-23 11:45:40.588-0500 | EthScheduler-Workers-0 | INFO  | PersistBlockTask | Imported empty block #110 / 0 tx / 0 om / 0 (0.0%) gas / (0x9a3516f2639595fabfcf31ff776ff08dc0b01d56ddf091adee6b731507f76e24) in 0.002s. Peers: 7
2026-01-23 11:45:45.021-0500 | EthScheduler-Workers-0 | INFO  | PersistBlockTask | Imported empty block #111 / 0 tx / 0 om / 0 (0.0%) gas / (0x85c75a9cafb8eead7b13fb7f951ffa624f01066edd71324d2bfe9b7b23b80d59) in 0.005s. Peers: 7
2026-01-23 11:45:50.018-0500 | EthScheduler-Workers-0 | INFO  | PersistBlockTask | Imported empty block #112 / 0 tx / 0 om / 0 (0.0%) gas / (0x5f8617ef48e1c7245e6a37495d934b625bf047265f1d8124fb9459c1add503da) in 0.003s. Peers: 7
2026-01-23 11:45:55.023-0500 | EthScheduler-Workers-0 | INFO  | PersistBlockTask | Imported empty block #113 / 0 tx / 0 om / 0 (0.0%) gas / (0xf04160f55e502dae741389f0ee259c7a1241d72e6a3a9f9a2803b97065322226) in 0.006s. Peers: 7
2026-01-23 11:46:00.015-0500 | EthScheduler-Workers-0 | INFO  | PersistBlockTask | Imported empty block #114 / 0 tx / 0 om / 0 (0.0%) gas / (0x74207f3fc964ce246548f12df857210e058c516b9ec67e28234e7b2b41b49b62) in 0.003s. Peers: 7
2026-01-23 11:46:13.578-0500 | EthScheduler-Workers-0 | INFO  | PersistBlockTask | Imported empty block #115 / 0 tx / 0 om / 0 (0.0%) gas / (0xae5f7b5ea63d81164cc56de74d63d42991fb15fcacf2e6eae6c18602d65bfb8a) in 0.006s. Peers: 7
2026-01-23 11:46:18.020-0500 | EthScheduler-Workers-0 | INFO  | PersistBlockTask | Imported empty block #116 / 0 tx / 0 om / 0 (0.0%) gas / (0xddb40e0331749e33cab3fbfb9b10ffadf2afb765388a36d8c95a9a8565299357) in 0.005s. Peers: 7
2026-01-23 11:46:23.017-0500 | EthScheduler-Workers-0 | INFO  | PersistBlockTask | Imported empty block #117 / 0 tx / 0 om / 0 (0.0%) gas / (0x95be907598cf39ef13809c7480f6b8f9ba8c7a67714c03173292503801bb7036) in 0.003s. Peers: 7
2026-01-23 11:46:28.055-0500 | EthScheduler-Workers-0 | INFO  | PersistBlockTask | Imported block #118 / 1 tx / 0 om / 368,459 (1.2%) gas / (0x05b48bfb8f4bd965afb16a347c57ff00a2c95484344d0f8d7eaedf7ae13b8110) in 0.023s. Peers: 7
2026-01-23 11:46:33.015-0500 | EthScheduler-Workers-0 | INFO  | PersistBlockTask | Imported empty block #119 / 0 tx / 0 om / 0 (0.0%) gas / (0x642d74a63809cd8d13de4827822facb11a59e18193f30fa10772131230012e00) in 0.003s. Peers: 7
2026-01-23 11:46:46.577-0500 | EthScheduler-Workers-0 | INFO  | PersistBlockTask | Imported empty block #120 / 0 tx / 0 om / 0 (0.0%) gas / (0x5e20c4fc3830140fcb7c2909665d6340f3c92732a2477e6d54d440dbba277890) in 0.006s. Peers: 7
2026-01-23 11:46:51.043-0500 | EthScheduler-Workers-0 | INFO  | PersistBlockTask | Imported block #121 / 1 tx / 0 om / 282,629 (0.9%) gas / (0x2c4c5ae4a6e23ea687bbfbcf773955f114afd36dacffa0e19130288d43fac40c) in 0.014s. Peers: 7
2026-01-23 11:46:56.016-0500 | EthScheduler-Workers-0 | INFO  | PersistBlockTask | Imported empty block #122 / 0 tx / 0 om / 0 (0.0%) gas / (0x3cdcf2971b7016f716ba2e4c8f1370744c8366204ddefba83ce5bae8a2f6afda) in 0.003s. Peers: 7
2026-01-23 11:47:01.022-0500 | EthScheduler-Workers-0 | INFO  | PersistBlockTask | Imported empty block #123 / 0 tx / 0 om / 0 (0.0%) gas / (0x544125ab9fda7afdaa6839c8d65a06e412bb709ed05aaf568d164ba85aa809c6) in 0.003s. Peers: 7
2026-01-23 11:47:14.594-0500 | EthScheduler-Workers-0 | INFO  | PersistBlockTask | Imported block #124 / 1 tx / 0 om / 47,670 (0.2%) gas / (0x11d93745b07884c19ba6c0b7c03b0d76ae3d874762738d2b82256960ba679eba) in 0.010s. Peers: 7
2026-01-23 11:47:19.030-0500 | EthScheduler-Workers-0 | INFO  | PersistBlockTask | Imported empty block #125 / 0 tx / 0 om / 0 (0.0%) gas / (0x695d496fe5d5063d01403651e276cc2e79fdfdaf0cbdee85c8760ee9cd4c77a1) in 0.008s. Peers: 7
2026-01-23 11:47:24.021-0500 | EthScheduler-Workers-0 | INFO  | PersistBlockTask | Imported empty block #126 / 0 tx / 0 om / 0 (0.0%) gas / (0x2de84c7c811006ff345142e920e5bf59540f83cc255129491bbce9060df254a7) in 0.006s. Peers: 7
2026-01-23 11:47:29.017-0500 | EthScheduler-Workers-0 | INFO  | PersistBlockTask | Imported empty block #127 / 0 tx / 0 om / 0 (0.0%) gas / (0x599b745711f5991744198717911a3f218e2e7cd142185c4ec2e4d2fb33b42b3b) in 0.003s. Peers: 7
2026-01-23 11:47:34.030-0500 | EthScheduler-Workers-0 | INFO  | PersistBlockTask | Imported block #128 / 1 tx / 0 om / 51,325 (0.2%) gas / (0x337924a96e7857d991bb7b5dff66b6480a86f912cb6cfe81bb6cc1972042e6f4) in 0.008s. Peers: 7
2026-01-23 11:47:47.532-0500 | EthScheduler-Workers-0 | INFO  | PersistBlockTask | Imported empty block #129 / 0 tx / 0 om / 0 (0.0%) gas / (0x601b991182480c98e41845ac453361e3d200352ec10794fca04e3601df7d658c) in 0.007s. Peers: 7
2026-01-23 11:47:52.014-0500 | EthScheduler-Workers-0 | INFO  | PersistBlockTask | Imported empty block #130 / 0 tx / 0 om / 0 (0.0%) gas / (0x7dd6e25179ce1147f72cffc3075a5436e1eeadab2b3eccb17a4ec09eb871dd2a) in 0.003s. Peers: 7
2026-01-23 11:47:57.034-0500 | EthScheduler-Workers-0 | INFO  | PersistBlockTask | Imported block #131 / 1 tx / 0 om / 51,313 (0.2%) gas / (0x01ba59963b39701345ef60cfee2a208c06d9a66f198bedbc37ddfe9e25195732) in 0.008s. Peers: 7
2026-01-23 11:48:02.020-0500 | EthScheduler-Workers-0 | INFO  | PersistBlockTask | Imported empty block #132 / 0 tx / 0 om / 0 (0.0%) gas / (0x4c338e77cb5498c9d69328a6fa2ad957b7793f2f0ada6d8b608d53b98413a70c) in 0.003s. Peers: 7
2026-01-23 11:48:15.575-0500 | EthScheduler-Workers-0 | INFO  | PersistBlockTask | Imported empty block #133 / 0 tx / 0 om / 0 (0.0%) gas / (0x1a21b4b4b4d76c310577f11fe3ab235994a7a36348d3ea3e162f96c170f1af69) in 0.003s. Peers: 7
2026-01-23 11:48:20.026-0500 | EthScheduler-Workers-0 | INFO  | PersistBlockTask | Imported block #134 / 1 tx / 0 om / 51,325 (0.2%) gas / (0x1ff6386a93e826f07e6d96c9fd036b84010e58e4d68ac020f6d3807c8870d831) in 0.007s. Peers: 7
2026-01-23 11:48:25.013-0500 | EthScheduler-Workers-0 | INFO  | PersistBlockTask | Imported empty block #135 / 0 tx / 0 om / 0 (0.0%) gas / (0xf873b9572540e0b6af354635b76805c5fbd13b59ecf5f1793d13472d731edec7) in 0.003s. Peers: 7
2026-01-23 11:48:30.014-0500 | EthScheduler-Workers-0 | INFO  | PersistBlockTask | Imported empty block #136 / 0 tx / 0 om / 0 (0.0%) gas / (0x58f88058203d0dafd57f77eb75487d16afa65c08416400272e0d0b6e4ddd8e71) in 0.002s. Peers: 7
2026-01-23 11:48:35.011-0500 | EthScheduler-Workers-0 | INFO  | PersistBlockTask | Imported empty block #137 / 0 tx / 0 om / 0 (0.0%) gas / (0x4af4ed14b38f3ffbae26215c35362866549064d1580d8dfaf26cbd19614335d6) in 0.002s. Peers: 7
2026-01-23 11:48:48.565-0500 | EthScheduler-Workers-0 | INFO  | PersistBlockTask | Imported empty block #138 / 0 tx / 0 om / 0 (0.0%) gas / (0xacf93c7ca92fdd434abf49e3b378ce4dc6542aeafa4a9b0a441d700219e67359) in 0.003s. Peers: 7
2026-01-23 11:48:53.016-0500 | EthScheduler-Workers-0 | INFO  | PersistBlockTask | Imported empty block #139 / 0 tx / 0 om / 0 (0.0%) gas / (0x8c32672b684a274d2298df3e71dca8cadcd6b52ee274378aec2bb041dad05987) in 0.004s. Peers: 7
2026-01-23 11:48:58.012-0500 | EthScheduler-Workers-0 | INFO  | PersistBlockTask | Imported empty block #140 / 0 tx / 0 om / 0 (0.0%) gas / (0x3ad8c3270d202cb83c54d63b7da8096e0e8e7a2ed1c4df7444af8ad010031090) in 0.001s. Peers: 7
2026-01-23 11:49:03.050-0500 | EthScheduler-Workers-0 | INFO  | PersistBlockTask | Imported block #141 / 1 tx / 0 om / 334,211 (1.1%) gas / (0x460fc3eff3d9f6ff618319e67e5e8e9b52d20abb03fe12714f4dc0f9e095eff5) in 0.016s. Peers: 7
2026-01-23 11:49:16.567-0500 | EthScheduler-Workers-0 | INFO  | PersistBlockTask | Imported empty block #142 / 0 tx / 0 om / 0 (0.0%) gas / (0x1266092f749d94e723f0672b63541fe4c5819a498b78d8f17fed59c476e1142c) in 0.003s. Peers: 7
2026-01-23 11:49:21.017-0500 | EthScheduler-Workers-0 | INFO  | PersistBlockTask | Imported empty block #143 / 0 tx / 0 om / 0 (0.0%) gas / (0x7cb06335903aba3f68ed1f9193d33536eda50eac566bcba05d6b09e3a9dd57da) in 0.004s. Peers: 7
2026-01-23 11:49:26.037-0500 | EthScheduler-Workers-0 | INFO  | PersistBlockTask | Imported block #144 / 1 tx / 0 om / 282,545 (0.9%) gas / (0x4619ac4fe03ca99ea86b56997d711e8ec93039d900501cd48adfa2125119fa02) in 0.015s. Peers: 7
2026-01-23 11:49:31.014-0500 | EthScheduler-Workers-0 | INFO  | PersistBlockTask | Imported empty block #145 / 0 tx / 0 om / 0 (0.0%) gas / (0x6fadc1990fb58a8b93dded36fbd560c5be041e5590403141016687d75f1d0c76) in 0.003s. Peers: 7
2026-01-23 11:49:36.017-0500 | EthScheduler-Workers-0 | INFO  | PersistBlockTask | Imported empty block #146 / 0 tx / 0 om / 0 (0.0%) gas / (0x84fb689d87b1598105977a10816881091b3b44e3c9ef5f687a5591a137e2f299) in 0.004s. Peers: 7
2026-01-23 11:49:49.569-0500 | EthScheduler-Workers-0 | INFO  | PersistBlockTask | Imported block #147 / 1 tx / 0 om / 47,670 (0.2%) gas / (0x19d63e8829fccac53475d0f764564b01c7a16afe3791f205cc2e97ab6a9c1d19) in 0.007s. Peers: 7
2026-01-23 11:49:54.018-0500 | EthScheduler-Workers-0 | INFO  | PersistBlockTask | Imported empty block #148 / 0 tx / 0 om / 0 (0.0%) gas / (0x29ceec3896a32d9607c2e0d65f467d78f9ce12e1fa45a2b432fb72e5dd6572ee) in 0.005s. Peers: 7
2026-01-23 11:49:59.020-0500 | EthScheduler-Workers-0 | INFO  | PersistBlockTask | Imported empty block #149 / 0 tx / 0 om / 0 (0.0%) gas / (0xb64af3ef5b1c96c23abee7c837684b70ddb99402b17ca8a1be68bb0f7e02a475) in 0.004s. Peers: 7
2026-01-23 11:50:04.013-0500 | EthScheduler-Workers-0 | INFO  | PersistBlockTask | Imported empty block #150 / 0 tx / 0 om / 0 (0.0%) gas / (0x79789e1d2b4faf2c86288c48dc3a0e8eb856f203437cd9d048526c85b0929fae) in 0.002s. Peers: 7
2026-01-23 11:50:17.527-0500 | EthScheduler-Workers-0 | INFO  | PersistBlockTask | Imported empty block #151 / 0 tx / 0 om / 0 (0.0%) gas / (0xa9d7f53327c068cf0cd8879eb3a5ce8b847a6d2483bae58b4b1d8dff850808ad) in 0.003s. Peers: 7
2026-01-23 11:50:22.016-0500 | EthScheduler-Workers-0 | INFO  | PersistBlockTask | Imported empty block #152 / 0 tx / 0 om / 0 (0.0%) gas / (0xe03099d09d1ce53625e4f15c48de77fd241edccded2980ab5e7eb447b1c19752) in 0.002s. Peers: 7
2026-01-23 11:50:27.021-0500 | EthScheduler-Workers-0 | INFO  | PersistBlockTask | Imported empty block #153 / 0 tx / 0 om / 0 (0.0%) gas / (0x16edc6181d61b6e6f2ac2332e83faa50f0c5bb445a578e291f20fe1fee5e7e69) in 0.002s. Peers: 7
2026-01-23 11:50:32.048-0500 | EthScheduler-Workers-0 | INFO  | PersistBlockTask | Imported block #154 / 1 tx / 0 om / 317,219 (1.1%) gas / (0x1500bc6872c947ab32e0dc62a2e0ec3a267dd44342b651f61c47f02c5fdb38e7) in 0.014s. Peers: 7
2026-01-23 11:50:37.014-0500 | EthScheduler-Workers-0 | INFO  | PersistBlockTask | Imported empty block #155 / 0 tx / 0 om / 0 (0.0%) gas / (0x2d6b0bd32eebfd1c3dfc33b6ae724a833a9b460d2b00de029957abdc1d7e45c8) in 0.003s. Peers: 7
2026-01-23 11:50:50.575-0500 | EthScheduler-Workers-0 | INFO  | PersistBlockTask | Imported empty block #156 / 0 tx / 0 om / 0 (0.0%) gas / (0x0f70c08822a328eac41e55500992855a3b7b421bfb5d27df2aaaea92a1cfb33f) in 0.007s. Peers: 7
2026-01-23 11:50:55.036-0500 | EthScheduler-Workers-0 | INFO  | PersistBlockTask | Imported block #157 / 1 tx / 0 om / 282,545 (0.9%) gas / (0x11ff8305b26abcd20f9253581b0a0f3f5469c3eede7749005a0358a58e06bda9) in 0.012s. Peers: 7
2026-01-23 11:51:00.014-0500 | EthScheduler-Workers-0 | INFO  | PersistBlockTask | Imported empty block #158 / 0 tx / 0 om / 0 (0.0%) gas / (0xdc2b529ca740a5bbf4b73f6b6ffc159994c55f13ad9833744e62da7be7362e5d) in 0.002s. Peers: 7
2026-01-23 11:51:05.014-0500 | EthScheduler-Workers-0 | INFO  | PersistBlockTask | Imported empty block #159 / 0 tx / 0 om / 0 (0.0%) gas / (0xbc26d208dc0cdfac343a95e70cf48909bf66a8cd5c4195701a59bfe3de3bd4de) in 0.003s. Peers: 7
2026-01-23 11:51:10.014-0500 | EthScheduler-Workers-0 | INFO  | PersistBlockTask | Imported empty block #160 / 0 tx / 0 om / 0 (0.0%) gas / (0xdc87c6f35895e44a9467f7f2e992bb9c65b550391a7ee84a1f67491f48625a1f) in 0.003s. Peers: 7
2026-01-23 11:51:23.601-0500 | EthScheduler-Workers-0 | INFO  | PersistBlockTask | Imported empty block #161 / 0 tx / 0 om / 0 (0.0%) gas / (0xdc4df2bb4ea6b78f7cc797a88bb320b0daba03b33b8ce4371f8984479484e68e) in 0.003s. Peers: 7
2026-01-23 11:51:28.016-0500 | EthScheduler-Workers-0 | INFO  | PersistBlockTask | Imported empty block #162 / 0 tx / 0 om / 0 (0.0%) gas / (0x884ea373455d5ecaf4c82679c9cfa3645d5dbe439b2b08f9227d83f481a9127d) in 0.002s. Peers: 7
2026-01-23 11:51:33.015-0500 | EthScheduler-Workers-0 | INFO  | PersistBlockTask | Imported empty block #163 / 0 tx / 0 om / 0 (0.0%) gas / (0x582edc011d7d241fac05ae33eec0ee22adfea89726ebb30b969aa29650c2cdc4) in 0.003s. Peers: 7
2026-01-23 11:51:38.048-0500 | EthScheduler-Workers-0 | INFO  | PersistBlockTask | Imported block #164 / 1 tx / 0 om / 47,670 (0.2%) gas / (0x25987703967a5f34e828a4b5158c8917e9668d339ba52ff71218a6fd52772523) in 0.010s. Peers: 7
2026-01-23 11:51:51.554-0500 | EthScheduler-Workers-0 | INFO  | PersistBlockTask | Imported empty block #165 / 0 tx / 0 om / 0 (0.0%) gas / (0x209439e8ef01a8451898a189becdb58507cd425dedf8cced745f0ff03888037d) in 0.004s. Peers: 7
2026-01-23 11:51:56.012-0500 | EthScheduler-Workers-0 | INFO  | PersistBlockTask | Imported empty block #166 / 0 tx / 0 om / 0 (0.0%) gas / (0x58e0f041bf8db81d67d71094942662031024d51cce431a8e43f2ead983ccfb29) in 0.002s. Peers: 7
2026-01-23 11:52:01.041-0500 | EthScheduler-Workers-0 | INFO  | PersistBlockTask | Imported block #167 / 1 tx / 0 om / 294,290 (1.0%) gas / (0x47de38efeaa27ccf39824d827d61b589a71682f531a492740aeac9261d9371d4) in 0.018s. Peers: 7
2026-01-23 11:52:06.014-0500 | EthScheduler-Workers-0 | INFO  | PersistBlockTask | Imported empty block #168 / 0 tx / 0 om / 0 (0.0%) gas / (0x49e7fbe64b45cb3694a883e64de87ba6f4ddab7db2db44dfeeb369c288e7c808) in 0.003s. Peers: 7
2026-01-23 11:52:11.013-0500 | EthScheduler-Workers-0 | INFO  | PersistBlockTask | Imported empty block #169 / 0 tx / 0 om / 0 (0.0%) gas / (0xe16dbee326f05a41667eaf6a8383e0b1b825b6abe4d112b265af284b2ea1a366) in 0.002s. Peers: 7
2026-01-23 11:52:24.589-0500 | EthScheduler-Workers-0 | INFO  | PersistBlockTask | Imported block #170 / 1 tx / 0 om / 259,878 (0.9%) gas / (0x10a91546b7783a29425384986eca8db81803a499a1fec2ea75e156e001a6b66b) in 0.009s. Peers: 7
2026-01-23 11:52:29.014-0500 | EthScheduler-Workers-0 | INFO  | PersistBlockTask | Imported empty block #171 / 0 tx / 0 om / 0 (0.0%) gas / (0x89bccfc9262b0cfac60f038dcd28db22bc91a304d6394da43fcff66565261651) in 0.002s. Peers: 7
2026-01-23 11:52:34.021-0500 | EthScheduler-Workers-0 | INFO  | PersistBlockTask | Imported empty block #172 / 0 tx / 0 om / 0 (0.0%) gas / (0x9aab5c079cb83138b784e5401d9b19b1bef7ca7e0fbba37b40d7c26c4734f0c4) in 0.006s. Peers: 7
2026-01-23 11:52:39.014-0500 | EthScheduler-Workers-0 | INFO  | PersistBlockTask | Imported empty block #173 / 0 tx / 0 om / 0 (0.0%) gas / (0xbae97412f7f04eafb0c11843b804a92f4641b15e986a04f596ca760d40c24e44) in 0.003s. Peers: 7
2026-01-23 11:52:52.567-0500 | EthScheduler-Workers-0 | INFO  | PersistBlockTask | Imported empty block #174 / 0 tx / 0 om / 0 (0.0%) gas / (0xc302a239b10e7dc627139a706ddcdfc1fb693c4bb0ba1e47f44e8c939e7c7128) in 0.004s. Peers: 7
2026-01-23 11:52:57.015-0500 | EthScheduler-Workers-0 | INFO  | PersistBlockTask | Imported empty block #175 / 0 tx / 0 om / 0 (0.0%) gas / (0xfccac54173f52e7d64750d56ba2dcf1690cfdbdee3d58d281190e96aca1765a6) in 0.002s. Peers: 7
2026-01-23 11:53:02.026-0500 | EthScheduler-Workers-0 | INFO  | PersistBlockTask | Imported empty block #176 / 0 tx / 0 om / 0 (0.0%) gas / (0xad5827a70f52f00c36361c61c78dde79d46d8daaa4f7d2b92f6a155b28a9d62e) in 0.006s. Peers: 7
2026-01-23 11:53:07.035-0500 | EthScheduler-Workers-0 | INFO  | PersistBlockTask | Imported block #177 / 1 tx / 0 om / 47,670 (0.2%) gas / (0x8b25fbdb866b56ac7efa18cf17e91ba09ca0cf66490add93e017e8cd22658478) in 0.009s. Peers: 7
2026-01-23 11:53:12.020-0500 | EthScheduler-Workers-0 | INFO  | PersistBlockTask | Imported empty block #178 / 0 tx / 0 om / 0 (0.0%) gas / (0x0901bc3bfaa6ce6c6e5070fcb2d14142796cb5105d68789cd9838142d9504581) in 0.004s. Peers: 7
2026-01-23 11:53:25.551-0500 | EthScheduler-Workers-0 | INFO  | PersistBlockTask | Imported empty block #179 / 0 tx / 0 om / 0 (0.0%) gas / (0x67038ca3bdfc8c5ba11401fe1f091113163383d9c88ce0ad2338e1e99ba2f53d) in 0.003s. Peers: 7
2026-01-23 11:53:30.040-0500 | EthScheduler-Workers-0 | INFO  | PersistBlockTask | Imported block #180 / 1 tx / 0 om / 245,492 (0.8%) gas / (0x733cbb87d70db51b1e18dc85086a232b0e14c08bc482655d23d926e7fc36bda0) in 0.013s. Peers: 7
2026-01-23 11:53:35.017-0500 | EthScheduler-Workers-0 | INFO  | PersistBlockTask | Imported empty block #181 / 0 tx / 0 om / 0 (0.0%) gas / (0xff30e0edb8f613fa8ed0bf0ad73897d195c02fd399e6223cc0dbef40d5cb59d1) in 0.005s. Peers: 7
2026-01-23 11:53:40.016-0500 | EthScheduler-Workers-0 | INFO  | PersistBlockTask | Imported empty block #182 / 0 tx / 0 om / 0 (0.0%) gas / (0x062da1c3a2c100d392035a0bbb8760bdcc38753240c7e71053d01f723f6e140a) in 0.003s. Peers: 7
2026-01-23 11:53:53.574-0500 | EthScheduler-Workers-0 | INFO  | PersistBlockTask | Imported block #183 / 1 tx / 0 om / 211,292 (0.7%) gas / (0x08dab407a31a6acc25682bcfed6708f3a4d555d49f1c246157208394bf4ea203) in 0.012s. Peers: 7
2026-01-23 11:53:58.014-0500 | EthScheduler-Workers-0 | INFO  | PersistBlockTask | Imported empty block #184 / 0 tx / 0 om / 0 (0.0%) gas / (0x0995acc2e226d4edb6a49ccbe8d596748a2cf87a7485d395af809cba11956dbc) in 0.004s. Peers: 7
2026-01-23 11:54:03.023-0500 | EthScheduler-Workers-0 | INFO  | PersistBlockTask | Imported empty block #185 / 0 tx / 0 om / 0 (0.0%) gas / (0x95241fad57adb26fb383ca3b8dbac1e1d2eb1f03ad8c06ce8dc53427e02ed894) in 0.004s. Peers: 7
2026-01-23 11:54:08.016-0500 | EthScheduler-Workers-0 | INFO  | PersistBlockTask | Imported empty block #186 / 0 tx / 0 om / 0 (0.0%) gas / (0x4afd104989ee1db9552e6458e4d074a212767190d2507dfe315258e974bf558b) in 0.003s. Peers: 7
2026-01-23 11:54:13.035-0500 | EthScheduler-Workers-0 | INFO  | PersistBlockTask | Imported block #187 / 1 tx / 0 om / 211,292 (0.7%) gas / (0x87a7531efa3eb2ec3d325be62ba08179da59d70014cf6414bdde319995fc45ed) in 0.011s. Peers: 7
2026-01-23 11:54:26.556-0500 | EthScheduler-Workers-0 | INFO  | PersistBlockTask | Imported empty block #188 / 0 tx / 0 om / 0 (0.0%) gas / (0xd334dfd4f7cba6faca7e8ad8fc8b9cb40e357d8165cccd4c508dca42e767e3e1) in 0.002s. Peers: 7
2026-01-23 11:54:31.016-0500 | EthScheduler-Workers-0 | INFO  | PersistBlockTask | Imported empty block #189 / 0 tx / 0 om / 0 (0.0%) gas / (0xd1ee4e4df00701f93ec75bf29a0437cde3e86803ec329983b604e2f440c05aa4) in 0.004s. Peers: 7
2026-01-23 11:54:36.032-0500 | EthScheduler-Workers-0 | INFO  | PersistBlockTask | Imported block #190 / 1 tx / 0 om / 211,292 (0.7%) gas / (0x6d83dd2c496f566658b8b3d45acc3d41b51d84af8f6ba674c3d0ae01495a6d4e) in 0.011s. Peers: 7
2026-01-23 11:54:41.017-0500 | EthScheduler-Workers-0 | INFO  | PersistBlockTask | Imported empty block #191 / 0 tx / 0 om / 0 (0.0%) gas / (0x4efcc5bd20f6f8fafcd7e318374499f8ef19e2cf6e5f682a08b268a542a31fe7) in 0.005s. Peers: 7
2026-01-23 11:54:54.561-0500 | EthScheduler-Workers-0 | INFO  | PersistBlockTask | Imported empty block #192 / 0 tx / 0 om / 0 (0.0%) gas / (0x27b76f0c5c7553b168181b0ab1f1c2fe00f205836b872d9abf1e71f0df79c97a) in 0.003s. Peers: 7
2026-01-23 11:54:59.016-0500 | EthScheduler-Workers-0 | INFO  | PersistBlockTask | Imported empty block #193 / 0 tx / 0 om / 0 (0.0%) gas / (0xefc3a7aaec29acaf15b1817392e2d560f3144c80d526234737c94fa7c47920b3) in 0.003s. Peers: 7
2026-01-23 11:55:04.012-0500 | EthScheduler-Workers-0 | INFO  | PersistBlockTask | Imported empty block #194 / 0 tx / 0 om / 0 (0.0%) gas / (0x7213b4c216c98a21cb6cb382ddfc214277819dfe6b35cc88f8c4e9c733847d1f) in 0.003s. Peers: 7
2026-01-23 11:55:09.015-0500 | EthScheduler-Workers-0 | INFO  | PersistBlockTask | Imported empty block #195 / 0 tx / 0 om / 0 (0.0%) gas / (0xbe2a3a216d885354e2ea4f82b0efb0356fd504b217a4d0226466b13179c7c783) in 0.002s. Peers: 7
2026-01-23 11:55:14.011-0500 | EthScheduler-Workers-0 | INFO  | PersistBlockTask | Imported empty block #196 / 0 tx / 0 om / 0 (0.0%) gas / (0x16a1f7ec571e6f2622f7ee18874520a779ab5762ad3ab9f2fafab13e80ddcd6e) in 0.002s. Peers: 7
2026-01-23 11:55:27.563-0500 | EthScheduler-Workers-0 | INFO  | PersistBlockTask | Imported empty block #197 / 0 tx / 0 om / 0 (0.0%) gas / (0xc05312e2a438b6d1c47167aa6bb2b8b129ace209ab924d649256e15e42e8b409) in 0.005s. Peers: 7
2026-01-23 11:55:32.016-0500 | EthScheduler-Workers-0 | INFO  | PersistBlockTask | Imported empty block #198 / 0 tx / 0 om / 0 (0.0%) gas / (0x6dc3a9686b7b68627353dce4ce45fbe3e937cd10991e83b91b0ae58ad5570e28) in 0.002s. Peers: 7
2026-01-23 11:55:37.017-0500 | EthScheduler-Workers-0 | INFO  | PersistBlockTask | Imported empty block #199 / 0 tx / 0 om / 0 (0.0%) gas / (0xde33b7db6534c99faace627ad90c1d878c852c3ac28cab660fce80deed27c5a0) in 0.003s. Peers: 7
2026-01-23 11:55:42.014-0500 | EthScheduler-Workers-0 | INFO  | PersistBlockTask | Imported empty block #200 / 0 tx / 0 om / 0 (0.0%) gas / (0x72cd4e99c0d96fdb48e77e2f35b187f83b7c9e0619f589978e17eff85c5feb27) in 0.003s. Peers: 7
2026-01-23 11:55:47.018-0500 | EthScheduler-Workers-0 | INFO  | PersistBlockTask | Imported empty block #201 / 0 tx / 0 om / 0 (0.0%) gas / (0x8750613b91d520b39c67d8d24f0da8dba4781aa4f0273e4f198768f9a8330b98) in 0.003s. Peers: 7
2026-01-23 11:56:00.559-0500 | EthScheduler-Workers-0 | INFO  | PersistBlockTask | Imported empty block #202 / 0 tx / 0 om / 0 (0.0%) gas / (0x59c13ce07555759fcee958abdbe62df96800901bb756d5d518ef265a82bc326d) in 0.003s. Peers: 7
2026-01-23 11:56:05.015-0500 | EthScheduler-Workers-0 | INFO  | PersistBlockTask | Imported empty block #203 / 0 tx / 0 om / 0 (0.0%) gas / (0x23c7f1b2229e10790e0ad76887b018db23b8bbb1bfaf37396ba768da8b4c859e) in 0.002s. Peers: 7
2026-01-23 11:56:10.018-0500 | EthScheduler-Workers-0 | INFO  | PersistBlockTask | Imported empty block #204 / 0 tx / 0 om / 0 (0.0%) gas / (0x20c66c5bad02acd64eefb1d8bd1b0a843c82b9a334c49fb7b528b2dda8c194cc) in 0.003s. Peers: 7
2026-01-23 11:56:15.012-0500 | EthScheduler-Workers-0 | INFO  | PersistBlockTask | Imported empty block #205 / 0 tx / 0 om / 0 (0.0%) gas / (0xeafb49549334c37181c96b2eb41960847956de97c0f4f7141b020fe536e00d5f) in 0.003s. Peers: 7
2026-01-23 11:56:28.545-0500 | EthScheduler-Workers-0 | INFO  | PersistBlockTask | Imported empty block #206 / 0 tx / 0 om / 0 (0.0%) gas / (0x7872fb13da428d03c0768306ff069ffd6e6b2c5d49a59896f3e5674a6c75d65f) in 0.005s. Peers: 7
2026-01-23 11:56:33.013-0500 | EthScheduler-Workers-0 | INFO  | PersistBlockTask | Imported empty block #207 / 0 tx / 0 om / 0 (0.0%) gas / (0x46a0178b03826afb28534e6d864cd8d535643ee4c78e1d25d4ae21fd883bf7ea) in 0.002s. Peers: 7
2026-01-23 11:56:38.014-0500 | EthScheduler-Workers-0 | INFO  | PersistBlockTask | Imported empty block #208 / 0 tx / 0 om / 0 (0.0%) gas / (0x22bb98aa15d2a58a54938c2d6b789c76d87ff10100c0e669c7a8ac0cc8675937) in 0.002s. Peers: 7
2026-01-23 11:56:43.014-0500 | EthScheduler-Workers-0 | INFO  | PersistBlockTask | Imported empty block #209 / 0 tx / 0 om / 0 (0.0%) gas / (0x5e4223463bf2e51e02b628d3e09aab9ec2c2e820fd8688e77e106446c7a792eb) in 0.002s. Peers: 7
2026-01-23 11:56:48.015-0500 | EthScheduler-Workers-0 | INFO  | PersistBlockTask | Imported empty block #210 / 0 tx / 0 om / 0 (0.0%) gas / (0x9163dd8ae973c1d4a52a9eb7fb680c0436a16386e042c51e374fce2030de9184) in 0.004s. Peers: 7
2026-01-23 11:57:01.565-0500 | EthScheduler-Workers-0 | INFO  | PersistBlockTask | Imported empty block #211 / 0 tx / 0 om / 0 (0.0%) gas / (0x1ddf2d819c5636c19f48438ac2942069175ade684627707c3dac85194f772307) in 0.003s. Peers: 7
2026-01-23 11:57:06.014-0500 | EthScheduler-Workers-0 | INFO  | PersistBlockTask | Imported empty block #212 / 0 tx / 0 om / 0 (0.0%) gas / (0x3409ec6ac25bea96ccfbede36caaffe8c47e8e89c9faa6317155f60d27431229) in 0.003s. Peers: 7
2026-01-23 11:57:11.013-0500 | EthScheduler-Workers-0 | INFO  | PersistBlockTask | Imported empty block #213 / 0 tx / 0 om / 0 (0.0%) gas / (0x958cfec27d1745ee000f61dc87d73bb07a63307e6609dd29ccb825cfcab83ce0) in 0.002s. Peers: 7
2026-01-23 11:57:16.026-0500 | EthScheduler-Workers-0 | INFO  | PersistBlockTask | Imported empty block #214 / 0 tx / 0 om / 0 (0.0%) gas / (0x1e601d33ef1fe179e02d78a3ee1172204df30d9c151ee0bb08040cada8fbf42f) in 0.005s. Peers: 7
2026-01-23 11:57:29.560-0500 | EthScheduler-Workers-0 | INFO  | PersistBlockTask | Imported empty block #215 / 0 tx / 0 om / 0 (0.0%) gas / (0xce022b9ce4077c0686bdc517b6ea971898a69b01953477f68826f9734aa7b50d) in 0.004s. Peers: 7
2026-01-23 11:57:34.014-0500 | EthScheduler-Workers-0 | INFO  | PersistBlockTask | Imported empty block #216 / 0 tx / 0 om / 0 (0.0%) gas / (0x3daa115322c994709415c41e53e33db83ca63f6302f3dddcfb54caa6446a1622) in 0.004s. Peers: 7
2026-01-23 11:57:39.012-0500 | EthScheduler-Workers-0 | INFO  | PersistBlockTask | Imported empty block #217 / 0 tx / 0 om / 0 (0.0%) gas / (0x2b22dbcf4f088a912ba2c499be6fa250566b11debd5148b919fc1cd1c16a10bb) in 0.002s. Peers: 7
2026-01-23 11:57:44.022-0500 | EthScheduler-Workers-0 | INFO  | PersistBlockTask | Imported empty block #218 / 0 tx / 0 om / 0 (0.0%) gas / (0x5985f9a7d8187ead179f28e9871aeb98a41ee6f95ea52545af999740d4872e85) in 0.005s. Peers: 7
2026-01-23 11:57:49.016-0500 | EthScheduler-Workers-0 | INFO  | PersistBlockTask | Imported empty block #219 / 0 tx / 0 om / 0 (0.0%) gas / (0xc17e18fc718e53fe06ab02d41cc64a7a5e7c3a7249a96be00879fc5617142b92) in 0.002s. Peers: 7
2026-01-23 11:58:02.572-0500 | EthScheduler-Workers-0 | INFO  | PersistBlockTask | Imported empty block #220 / 0 tx / 0 om / 0 (0.0%) gas / (0x377984ea1a9437aa8f066efc4d640f93513d35b3d1f9b87c69b1945501bb3470) in 0.003s. Peers: 7
2026-01-23 11:58:07.020-0500 | EthScheduler-Workers-0 | INFO  | PersistBlockTask | Imported empty block #221 / 0 tx / 0 om / 0 (0.0%) gas / (0x9dc6de6ec8811728e8b78a9abae43fb474400b493b990af5f80bf2612b7469a0) in 0.003s. Peers: 7
2026-01-23 11:58:12.016-0500 | EthScheduler-Workers-0 | INFO  | PersistBlockTask | Imported empty block #222 / 0 tx / 0 om / 0 (0.0%) gas / (0xdf94259e4a1e5f566ab17666f0dcc804947546e408f52b59da7154db877b6707) in 0.002s. Peers: 7
2026-01-23 11:58:17.148-0500 | EthScheduler-Workers-0 | INFO  | PersistBlockTask | Imported block #223 / 1 tx / 0 om / 2,048,755 (6.8%) gas / (0x4047cab65960475fa6437926989770c23c8108b4378a082bc1e9f67606e47f53) in 0.083s. Peers: 7
2026-01-23 11:58:30.551-0500 | EthScheduler-Workers-0 | INFO  | PersistBlockTask | Imported empty block #224 / 0 tx / 0 om / 0 (0.0%) gas / (0x29f7731134d6e633a7ba1daf22e38dccc667ad087357ea16453a2d34c1cfcfb0) in 0.002s. Peers: 7
2026-01-23 11:58:35.013-0500 | EthScheduler-Workers-0 | INFO  | PersistBlockTask | Imported empty block #225 / 0 tx / 0 om / 0 (0.0%) gas / (0x60a9520753f4e274334e8d1554a58c6e2e4161b8573d6871d5dac78cd392145e) in 0.002s. Peers: 7
2026-01-23 11:58:40.109-0500 | EthScheduler-Workers-0 | INFO  | PersistBlockTask | Imported block #226 / 1 tx / 0 om / 1,965,757 (6.6%) gas / (0x8813a909102bd734994baefd4ce00e25e23c513eb9971a8032ff801334a44eac) in 0.064s. Peers: 7
2026-01-23 11:58:45.022-0500 | EthScheduler-Workers-0 | INFO  | PersistBlockTask | Imported empty block #227 / 0 tx / 0 om / 0 (0.0%) gas / (0x79ff11ebab9a0762bd3379d3575bae441cf739376f6293f6514e4c6ce8d155d1) in 0.005s. Peers: 7
2026-01-23 11:58:50.011-0500 | EthScheduler-Workers-0 | INFO  | PersistBlockTask | Imported empty block #228 / 0 tx / 0 om / 0 (0.0%) gas / (0x046f94a4ef6a22b4e2e595b2b09c7a8d141436f42880c89918e99ec2abd70ae4) in 0.002s. Peers: 7
2026-01-23 11:59:03.638-0500 | EthScheduler-Workers-0 | INFO  | PersistBlockTask | Imported block #229 / 1 tx / 0 om / 1,965,817 (6.6%) gas / (0xb7aafa9bc56c5162ce1d5be6912e90a787cd9bc713a78f65e3a0dadacab2d0b8) in 0.068s. Peers: 7
2026-01-23 11:59:08.025-0500 | EthScheduler-Workers-0 | INFO  | PersistBlockTask | Imported empty block #230 / 0 tx / 0 om / 0 (0.0%) gas / (0xa9ff228747709eba348ae6a18ebb4a085e0f175c8fac8dc977e5811dbf03f0ec) in 0.005s. Peers: 7
2026-01-23 11:59:13.014-0500 | EthScheduler-Workers-0 | INFO  | PersistBlockTask | Imported empty block #231 / 0 tx / 0 om / 0 (0.0%) gas / (0x80559056bcf866685f0d1628986b2058126d8fd47ee86f7c00e014494a2a2557) in 0.003s. Peers: 7
2026-01-23 11:59:18.012-0500 | EthScheduler-Workers-0 | INFO  | PersistBlockTask | Imported empty block #232 / 0 tx / 0 om / 0 (0.0%) gas / (0xfe641b81efba63ceff362f168e1c8a7691e5d7694003ee1f53ebc1c7ad0077f3) in 0.002s. Peers: 7
2026-01-23 11:59:21.631-0500 | EthScheduler-Workers-0 | INFO  | PersistBlockTask | Imported block #233 / 1 tx / 0 om / 1,965,972 (6.6%) gas / (0x16fa27a6f32e80579a56fcdf4902fb3161b5f543a204802cc7b6d9bb99684f2d) in 0.050s. Peers: 7
2026-01-23 11:59:36.552-0500 | EthScheduler-Workers-0 | INFO  | PersistBlockTask | Imported empty block #234 / 0 tx / 0 om / 0 (0.0%) gas / (0x7268b9642e78fdbcfd0f39b64e799277c9068404032e7528a56fceeff2b764a2) in 0.004s. Peers: 7
2026-01-23 11:59:41.016-0500 | EthScheduler-Workers-0 | INFO  | PersistBlockTask | Imported empty block #235 / 0 tx / 0 om / 0 (0.0%) gas / (0xd2aa37ac4f75325be4d3619403feffa4270aa827ced744a116ae9ed566df5a81) in 0.002s. Peers: 7
2026-01-23 11:59:46.109-0500 | EthScheduler-Workers-0 | INFO  | PersistBlockTask | Imported block #236 / 1 tx / 0 om / 1,895,214 (6.3%) gas / (0x3e902db0fa0f56efa795682cda8f33ad3835f0f924761c414436bc2831f98955) in 0.054s. Peers: 7
2026-01-23 11:59:51.018-0500 | EthScheduler-Workers-0 | INFO  | PersistBlockTask | Imported empty block #237 / 0 tx / 0 om / 0 (0.0%) gas / (0xdbfcf7d998d4a54f96ccf4ef90ce9070a3c494572eb713138f564cc2281e7788) in 0.002s. Peers: 7
2026-01-23 12:00:04.554-0500 | EthScheduler-Workers-0 | INFO  | PersistBlockTask | Imported empty block #238 / 0 tx / 0 om / 0 (0.0%) gas / (0xc93bc12137960ab88adb88d122a4bb1bb5dac6b4672c51be00e87028bc3095dd) in 0.003s. Peers: 7
2026-01-23 12:00:09.078-0500 | EthScheduler-Workers-0 | INFO  | PersistBlockTask | Imported block #239 / 1 tx / 0 om / 2,005,557 (6.7%) gas / (0xbd00439fc63d929228539ba950fa7fb9976518532f76febac3522404c29bee3b) in 0.031s. Peers: 7
2026-01-23 12:00:14.015-0500 | EthScheduler-Workers-0 | INFO  | PersistBlockTask | Imported empty block #240 / 0 tx / 0 om / 0 (0.0%) gas / (0xb117f368807020349fbe1c544904f945dfc0a51e37001919be8879dc37e603bb) in 0.005s. Peers: 7
2026-01-23 12:00:19.015-0500 | EthScheduler-Workers-0 | INFO  | PersistBlockTask | Imported empty block #241 / 0 tx / 0 om / 0 (0.0%) gas / (0x9ae30443c1c5c997ade0c93a415b65eb9d7ea4a87087f06293cddfc9421d0e84) in 0.003s. Peers: 7
2026-01-23 12:00:24.019-0500 | EthScheduler-Workers-0 | INFO  | PersistBlockTask | Imported empty block #242 / 0 tx / 0 om / 0 (0.0%) gas / (0xe44f834ac9bd121bf82918891bc71dfece55fb9fb80a12425bf702f22bd86d44) in 0.003s. Peers: 7
2026-01-23 12:00:37.563-0500 | EthScheduler-Workers-0 | INFO  | PersistBlockTask | Imported empty block #243 / 0 tx / 0 om / 0 (0.0%) gas / (0xae7aef0a9f9a0410fb612d5bedcb06e3014ac0ab57470cc6844b9a427114ee28) in 0.002s. Peers: 7
2026-01-23 12:00:42.010-0500 | EthScheduler-Workers-0 | INFO  | PersistBlockTask | Imported empty block #244 / 0 tx / 0 om / 0 (0.0%) gas / (0xcdeddef95e3c9de98276848e366e1d6e495fe92ae7b0cc155ccbc892f180f426) in 0.002s. Peers: 7
2026-01-23 12:00:47.012-0500 | EthScheduler-Workers-0 | INFO  | PersistBlockTask | Imported empty block #245 / 0 tx / 0 om / 0 (0.0%) gas / (0x1315f5aab82c69b4326e22ad5e7d1342b8e6f30b63edbdb68fbdcafdb89ccbc4) in 0.002s. Peers: 7
2026-01-23 12:00:52.146-0500 | EthScheduler-Workers-0 | INFO  | PersistBlockTask | Imported block #246 / 1 tx / 0 om / 1,886,288 (6.3%) gas / (0x590f191761aab594866a8f1aa49ad82aa24acdc0c3cf8453db30ccf40af96bb8) in 0.097s. Peers: 7
2026-01-23 12:01:05.568-0500 | EthScheduler-Workers-0 | INFO  | PersistBlockTask | Imported empty block #247 / 0 tx / 0 om / 0 (0.0%) gas / (0x2e32a12d8513e7d015d816f85441a47c59b8a8424f2d1f560c91253b5369a12e) in 0.002s. Peers: 7
2026-01-23 12:01:10.021-0500 | EthScheduler-Workers-0 | INFO  | PersistBlockTask | Imported empty block #248 / 0 tx / 0 om / 0 (0.0%) gas / (0x4588b1541b8ec6462ee2e8e1bb5ea93f7076a4a7ff79a81ca1dd325e65578d7e) in 0.003s. Peers: 7
2026-01-23 12:01:15.060-0500 | EthScheduler-Workers-0 | INFO  | PersistBlockTask | Imported block #249 / 1 tx / 0 om / 1,806,005 (6.0%) gas / (0xe98af6f0f8a86c3ba1479be650cc85ffa9c6f1547de8a511dd7662d7a2d863b0) in 0.018s. Peers: 7
2026-01-23 12:01:20.011-0500 | EthScheduler-Workers-0 | INFO  | PersistBlockTask | Imported empty block #250 / 0 tx / 0 om / 0 (0.0%) gas / (0x6b8f56d87cb4e16f3b742b6007d834f6cb92934e454328931bda1f0258051fc2) in 0.002s. Peers: 7
2026-01-23 12:01:25.020-0500 | EthScheduler-Workers-0 | INFO  | PersistBlockTask | Imported empty block #251 / 0 tx / 0 om / 0 (0.0%) gas / (0x373caf7104a498f9721b223e74044da80bb170a6121d23eec4f3ccd7a1b5fbbd) in 0.006s. Peers: 7
2026-01-23 12:01:38.617-0500 | EthScheduler-Workers-0 | INFO  | PersistBlockTask | Imported block #252 / 1 tx / 0 om / 1,965,876 (6.6%) gas / (0x75421f3fc81dbbcb8c483452f89fd902d4fe2b28b490e7d32d8cc27009282837) in 0.037s. Peers: 7
2026-01-23 12:01:43.013-0500 | EthScheduler-Workers-0 | INFO  | PersistBlockTask | Imported empty block #253 / 0 tx / 0 om / 0 (0.0%) gas / (0x60ef0b965852106a62d0ee2cba946e56fcff9e10a0a1ce37880e00415eb67d88) in 0.004s. Peers: 7
2026-01-23 12:01:48.014-0500 | EthScheduler-Workers-0 | INFO  | PersistBlockTask | Imported empty block #254 / 0 tx / 0 om / 0 (0.0%) gas / (0x448c81c8b0fe00193c9095aa0b48d753e072ae9dd5aa398220cb43c2172ca9f9) in 0.003s. Peers: 7
2026-01-23 12:01:53.013-0500 | EthScheduler-Workers-0 | INFO  | PersistBlockTask | Imported empty block #255 / 0 tx / 0 om / 0 (0.0%) gas / (0xb7f8b12b9da98df028afce26cce4f94f46b3b55015a17b008f0373aa1eb69d40) in 0.003s. Peers: 7
2026-01-23 12:02:06.509-0500 | EthScheduler-Workers-0 | INFO  | PersistBlockTask | Imported empty block #256 / 0 tx / 0 om / 0 (0.0%) gas / (0xd9d4ed72915f99f60894de007f1044dac8694a786aa1135207e0c28ecccb2a13) in 0.004s. Peers: 7
2026-01-23 12:02:11.013-0500 | EthScheduler-Workers-0 | INFO  | PersistBlockTask | Imported empty block #257 / 0 tx / 0 om / 0 (0.0%) gas / (0x69e04c904eb449b67a4a61794e9307b740f79ddd8417cb065f294cbb72ad5c85) in 0.002s. Peers: 7
2026-01-23 12:02:16.012-0500 | EthScheduler-Workers-0 | INFO  | PersistBlockTask | Imported empty block #258 / 0 tx / 0 om / 0 (0.0%) gas / (0xd69d79d2649c3e4ce0475611df0f3812dbc8824f84c9cb979ce8158fe09fa85c) in 0.003s. Peers: 7
2026-01-23 12:02:21.059-0500 | EthScheduler-Workers-0 | INFO  | PersistBlockTask | Imported block #259 / 1 tx / 0 om / 1,890,932 (6.3%) gas / (0xa3412460eea9ea85a5277170364227637508fab534351456748480e27fd259fe) in 0.026s. Peers: 7
2026-01-23 12:02:26.011-0500 | EthScheduler-Workers-0 | INFO  | PersistBlockTask | Imported empty block #260 / 0 tx / 0 om / 0 (0.0%) gas / (0x64274c3f29c0083b16555ac608681ea7ca175a6fb1d3a0731f15a7cfbe068d37) in 0.002s. Peers: 7
2026-01-23 12:02:39.566-0500 | EthScheduler-Workers-0 | INFO  | PersistBlockTask | Imported empty block #261 / 0 tx / 0 om / 0 (0.0%) gas / (0x1bab32ce66811e41db722251bdbba2528aeb060d142a853bb558d3eea870c406) in 0.004s. Peers: 7
2026-01-23 12:02:44.069-0500 | EthScheduler-Workers-0 | INFO  | PersistBlockTask | Imported block #262 / 1 tx / 0 om / 2,005,736 (6.7%) gas / (0xfe1013f8ccb3a2e86d16f45286a3f097d39a635c47a543a058824ad1ce4d96ad) in 0.028s. Peers: 7
2026-01-23 12:02:49.015-0500 | EthScheduler-Workers-0 | INFO  | PersistBlockTask | Imported empty block #263 / 0 tx / 0 om / 0 (0.0%) gas / (0x5c7d095c031e5fe01aa5cc19a05f3b3701e83682632635051d0e71eb7da13b4f) in 0.003s. Peers: 7
2026-01-23 12:02:54.015-0500 | EthScheduler-Workers-0 | INFO  | PersistBlockTask | Imported empty block #264 / 0 tx / 0 om / 0 (0.0%) gas / (0x34c9a72bf82b9faf204bebb3a055201096a33e92172d72bb33346524af172745) in 0.003s. Peers: 7
2026-01-23 12:03:07.619-0500 | EthScheduler-Workers-0 | INFO  | PersistBlockTask | Imported block #265 / 1 tx / 0 om / 2,059,788 (6.9%) gas / (0x3b22e1054154e05b6ad5f08907e7111984e6e48a96b14e4537bea7a95d1e097f) in 0.033s. Peers: 7
2026-01-23 12:03:12.014-0500 | EthScheduler-Workers-0 | INFO  | PersistBlockTask | Imported empty block #266 / 0 tx / 0 om / 0 (0.0%) gas / (0x840464e1304f0fb66305edb6d25990167b16e2de01235ba7c3f42dd771ccecf3) in 0.002s. Peers: 7
2026-01-23 12:03:17.012-0500 | EthScheduler-Workers-0 | INFO  | PersistBlockTask | Imported empty block #267 / 0 tx / 0 om / 0 (0.0%) gas / (0x675349f4b98f2793eb425b0e2baf961724580173dec1e3c3706b8ac3a648640a) in 0.002s. Peers: 7
2026-01-23 12:03:22.014-0500 | EthScheduler-Workers-0 | INFO  | PersistBlockTask | Imported empty block #268 / 0 tx / 0 om / 0 (0.0%) gas / (0x5bf12e5491259a27e53c878712f3113f91fa1b2122e43385e680b312eccb7c47) in 0.003s. Peers: 7
2026-01-23 12:03:27.056-0500 | EthScheduler-Workers-0 | INFO  | PersistBlockTask | Imported block #269 / 1 tx / 0 om / 2,005,568 (6.7%) gas / (0xfb59405af2d018f4fba726f531d4999ff0e0ce26230c85d5e41af1133cd94bac) in 0.025s. Peers: 7
2026-01-23 12:03:40.561-0500 | EthScheduler-Workers-0 | INFO  | PersistBlockTask | Imported empty block #270 / 0 tx / 0 om / 0 (0.0%) gas / (0x81aba762eae5d36f9d7c14c749bd4b4b646e9fa6ab63b9b943774bc0ee1aa503) in 0.003s. Peers: 7
2026-01-23 12:03:45.012-0500 | EthScheduler-Workers-0 | INFO  | PersistBlockTask | Imported empty block #271 / 0 tx / 0 om / 0 (0.0%) gas / (0xdaa03724c74fcf4b1ec207c73f44614980ad08d93850be2d83a5331bf2cf2886) in 0.002s. Peers: 7
2026-01-23 12:03:50.059-0500 | EthScheduler-Workers-0 | INFO  | PersistBlockTask | Imported block #272 / 1 tx / 0 om / 2,045,620 (6.8%) gas / (0x8566a844ba89c273bb0fb0104feda172b39d6735a146a7922681b56e7e21caf3) in 0.022s. Peers: 7
2026-01-23 12:03:55.011-0500 | EthScheduler-Workers-0 | INFO  | PersistBlockTask | Imported empty block #273 / 0 tx / 0 om / 0 (0.0%) gas / (0x385c32081bdd583a32db6c80e5341818a9463faed6c8677a86146c958689c4e9) in 0.002s. Peers: 7
2026-01-23 12:04:00.015-0500 | EthScheduler-Workers-0 | INFO  | PersistBlockTask | Imported empty block #274 / 0 tx / 0 om / 0 (0.0%) gas / (0x4a2e77619ef6988f3926f16bf6ffab59389ca4a230d6a7905888dde542bc0755) in 0.003s. Peers: 7
2026-01-23 12:04:13.653-0500 | EthScheduler-Workers-0 | INFO  | PersistBlockTask | Imported block #275 / 1 tx / 0 om / 2,045,560 (6.8%) gas / (0xbe07c3781545a7fdcb96a70eee80276795b75b17a5554bf1fde36c2d564e4489) in 0.063s. Peers: 7
2026-01-23 12:04:18.013-0500 | EthScheduler-Workers-0 | INFO  | PersistBlockTask | Imported empty block #276 / 0 tx / 0 om / 0 (0.0%) gas / (0x61a87da16c240e8d28a8467d581b58ce5e09acf63a37b28f63dc9cd99f1dc143) in 0.003s. Peers: 7
2026-01-23 12:04:23.010-0500 | EthScheduler-Workers-0 | INFO  | PersistBlockTask | Imported empty block #277 / 0 tx / 0 om / 0 (0.0%) gas / (0x025698313ea71ed28359ab87ed6c00290fcb9fe645bf7c3ad0aa3db7ed3cb73b) in 0.002s. Peers: 7
2026-01-23 12:04:28.011-0500 | EthScheduler-Workers-0 | INFO  | PersistBlockTask | Imported empty block #278 / 0 tx / 0 om / 0 (0.0%) gas / (0x50731441a02b95211d2e217165ee79a5b17e17c59fbab40809c8da9ae7b89f4f) in 0.002s. Peers: 7
2026-01-23 12:04:41.544-0500 | EthScheduler-Workers-0 | INFO  | PersistBlockTask | Imported empty block #279 / 0 tx / 0 om / 0 (0.0%) gas / (0x5e33aa87c5f212e3c248addfa2de2795c77a4cdcad7b7156fb2228aec3c779f5) in 0.003s. Peers: 7
2026-01-23 12:04:46.013-0500 | EthScheduler-Workers-0 | INFO  | PersistBlockTask | Imported empty block #280 / 0 tx / 0 om / 0 (0.0%) gas / (0x0dd9a58c9f81ec470e736fa90662600793497d0957c3d7a48302be79220d104d) in 0.002s. Peers: 7
2026-01-23 12:04:51.013-0500 | EthScheduler-Workers-0 | INFO  | PersistBlockTask | Imported empty block #281 / 0 tx / 0 om / 0 (0.0%) gas / (0x82c9d02cdd2c4c767758b4dcaf79c1046023add9b831e5b9fac87053f71c307e) in 0.003s. Peers: 7
2026-01-23 12:04:56.072-0500 | EthScheduler-Workers-0 | INFO  | PersistBlockTask | Imported block #282 / 1 tx / 0 om / 1,894,747 (6.3%) gas / (0x108a5ddd5f7681d0fdca3f3e8d221e0c90e2a118455dd0c085ab40a7962d2d88) in 0.023s. Peers: 7
2026-01-23 12:05:01.016-0500 | EthScheduler-Workers-0 | INFO  | PersistBlockTask | Imported empty block #283 / 0 tx / 0 om / 0 (0.0%) gas / (0x7f02e698f04750ffdc45f263648b9035e01370bc7403ef6a44b0a82746315d36) in 0.002s. Peers: 7
2026-01-23 12:05:14.532-0500 | EthScheduler-Workers-0 | INFO  | PersistBlockTask | Imported empty block #284 / 0 tx / 0 om / 0 (0.0%) gas / (0x4ebec6f08e5693c0296c45b716780854213b7a652295f63f4ef105c11b497eae) in 0.003s. Peers: 7
2026-01-23 12:05:19.067-0500 | EthScheduler-Workers-0 | INFO  | PersistBlockTask | Imported block #285 / 1 tx / 0 om / 2,015,164 (6.7%) gas / (0x803e3d9bc4d2e694e139f6801a4e08957a3e6ba38ca7a6589e0a97b66ffd3c62) in 0.026s. Peers: 7
2026-01-23 12:05:24.014-0500 | EthScheduler-Workers-0 | INFO  | PersistBlockTask | Imported empty block #286 / 0 tx / 0 om / 0 (0.0%) gas / (0x7765e3a2b4d0f4530cf36c974a8e5cf811b51c7cb968bd980c388681948e8525) in 0.002s. Peers: 7
2026-01-23 12:05:29.011-0500 | EthScheduler-Workers-0 | INFO  | PersistBlockTask | Imported empty block #287 / 0 tx / 0 om / 0 (0.0%) gas / (0x25df7068bf816856570d4738e874bc95c60458d4336c435085916812c76cb66f) in 0.003s. Peers: 7
2026-01-23 12:05:42.600-0500 | EthScheduler-Workers-0 | INFO  | PersistBlockTask | Imported block #288 / 1 tx / 0 om / 1,925,765 (6.4%) gas / (0x75cfbbc389e1085c8681c515e957a5777e296d2bd90fb141079a1580f3a875d7) in 0.015s. Peers: 7
2026-01-23 12:05:47.012-0500 | EthScheduler-Workers-0 | INFO  | PersistBlockTask | Imported empty block #289 / 0 tx / 0 om / 0 (0.0%) gas / (0xf3c192e0022d7db1b037cd33a693f852ee450b20a31ebd74a60e04e6ce45bf19) in 0.001s. Peers: 7
2026-01-23 12:05:52.016-0500 | EthScheduler-Workers-0 | INFO  | PersistBlockTask | Imported empty block #290 / 0 tx / 0 om / 0 (0.0%) gas / (0x00ff4c7cc2c347b1ef4d9ef31166f93b084edbc61e87257ff91867c6390b12db) in 0.002s. Peers: 7
2026-01-23 12:05:57.021-0500 | EthScheduler-Workers-0 | INFO  | PersistBlockTask | Imported empty block #291 / 0 tx / 0 om / 0 (0.0%) gas / (0x3b69cd377cb096601fdbd0f1ea62926714fefbd12d40cc60fa704a92cb712df2) in 0.004s. Peers: 7
2026-01-23 12:06:02.062-0500 | EthScheduler-Workers-0 | INFO  | PersistBlockTask | Imported block #292 / 1 tx / 0 om / 2,005,401 (6.7%) gas / (0x3f43d26325d1435576ebeb56078733dc262a749e3ab063abdf7af10f6baf33dc) in 0.021s. Peers: 7
2026-01-23 12:06:15.554-0500 | EthScheduler-Workers-0 | INFO  | PersistBlockTask | Imported empty block #293 / 0 tx / 0 om / 0 (0.0%) gas / (0xe034126ae8c2949906314aba0d701625caa8ed07b6e00b7393bbaf53fa156585) in 0.003s. Peers: 7
2026-01-23 12:06:20.010-0500 | EthScheduler-Workers-0 | INFO  | PersistBlockTask | Imported empty block #294 / 0 tx / 0 om / 0 (0.0%) gas / (0xe78a470a0f465d75913576198454d23e8f0713ef002f8700d9ee1e8f087a68ea) in 0.002s. Peers: 7
2026-01-23 12:06:25.055-0500 | EthScheduler-Workers-0 | INFO  | PersistBlockTask | Imported block #295 / 1 tx / 0 om / 1,846,223 (6.2%) gas / (0x5591d89c02cd7315ae6dda192a8501fd39eb5d03ef722ecc69edd2718ad88211) in 0.019s. Peers: 7
2026-01-23 12:06:30.012-0500 | EthScheduler-Workers-0 | INFO  | PersistBlockTask | Imported empty block #296 / 0 tx / 0 om / 0 (0.0%) gas / (0x892328a01d1f30bb230086950ac157590e9cd8f201352ed96eef6d1b486fec2b) in 0.002s. Peers: 7
2026-01-23 12:06:43.563-0500 | EthScheduler-Workers-0 | INFO  | PersistBlockTask | Imported empty block #297 / 0 tx / 0 om / 0 (0.0%) gas / (0xb7f65a7d418eed1f92528e500b55b738790b59245f405b752a3ebd473379f11a) in 0.004s. Peers: 7
2026-01-23 12:06:48.072-0500 | EthScheduler-Workers-0 | INFO  | PersistBlockTask | Imported block #298 / 1 tx / 0 om / 1,965,721 (6.6%) gas / (0x4d3f8dbf65ca6bf0112aa8e6e8ea0337c4646074ef51168ba3584647fd4ed359) in 0.027s. Peers: 7
2026-01-23 12:06:53.012-0500 | EthScheduler-Workers-0 | INFO  | PersistBlockTask | Imported empty block #299 / 0 tx / 0 om / 0 (0.0%) gas / (0x98ce9beb4f4112f84374621f1f998e19b87d71e6739f30ddf4d1971f41d659e2) in 0.002s. Peers: 7
2026-01-23 12:06:58.012-0500 | EthScheduler-Workers-0 | INFO  | PersistBlockTask | Imported empty block #300 / 0 tx / 0 om / 0 (0.0%) gas / (0x2c0ae1b7c3d0d07524c49fe519dd846500ac68115ce2c9bc1d5fa06e19fd0982) in 0.002s. Peers: 7
2026-01-23 12:07:03.014-0500 | EthScheduler-Workers-0 | INFO  | PersistBlockTask | Imported empty block #301 / 0 tx / 0 om / 0 (0.0%) gas / (0x3ea2c15de28a292f7294184509173cee9ccc4f52dd1e7ea1089ddf6a04041e64) in 0.002s. Peers: 7
2026-01-23 12:07:16.561-0500 | EthScheduler-Workers-0 | INFO  | PersistBlockTask | Imported empty block #302 / 0 tx / 0 om / 0 (0.0%) gas / (0xb6c9341fc2109ed55774fae777631e76cfb9891f93b61d0ca5ad0ee40cbe33f5) in 0.003s. Peers: 7
2026-01-23 12:07:21.012-0500 | EthScheduler-Workers-0 | INFO  | PersistBlockTask | Imported empty block #303 / 0 tx / 0 om / 0 (0.0%) gas / (0x137c976e30cfa8428db43e26c96472e92462ee9366abd5dbcb25476bc7371cdf) in 0.003s. Peers: 7
2026-01-23 12:07:26.011-0500 | EthScheduler-Workers-0 | INFO  | PersistBlockTask | Imported empty block #304 / 0 tx / 0 om / 0 (0.0%) gas / (0x7faa4ed6486047b15e37ffc20eb1efdaae5544e3c3a28246d2bcc44ca90d4ad3) in 0.002s. Peers: 7
2026-01-23 12:07:31.073-0500 | EthScheduler-Workers-0 | INFO  | PersistBlockTask | Imported block #305 / 1 tx / 0 om / 2,015,296 (6.7%) gas / (0x1f1f5583c3a4d8dd8be43139387f9b265ae8c49c2427461a11071b72b91bda19) in 0.026s. Peers: 7
